18:25:20 INFO  : Launching XSCT server: xsct.bat -n  -interactive E:\FPGA_Project\2020_2\CNN\proj\ov5640_hdmi_v1\vitis\temp_xsdb_launch_script.tcl
18:25:20 INFO  : Registering command handlers for Vitis TCF services
18:25:21 INFO  : XSCT server has started successfully.
18:25:22 INFO  : Platform repository initialization has completed.
18:25:22 INFO  : Successfully done setting XSCT server connection channel  
18:25:22 INFO  : plnx-install-location is set to ''
18:25:22 INFO  : Successfully done query RDI_DATADIR 
18:25:22 INFO  : Successfully done setting workspace for the tool. 
18:26:05 INFO  : Result from executing command 'getProjects': ov5640_hdmi_wrapper
18:26:05 INFO  : Result from executing command 'getPlatforms': 
18:26:05 WARN  : An unexpected exception occurred in the module 'platform project logging'
18:26:05 INFO  : Platform 'ov5640_hdmi_wrapper' is added to custom repositories.
18:26:08 INFO  : Platform 'ov5640_hdmi_wrapper' is added to custom repositories.
18:26:39 INFO  : Example project vdma_1 has been created successfully.
18:26:50 INFO  : Example project vtc_selftest_example_1 has been created successfully.
18:27:16 INFO  : Hardware specification for platform project 'ov5640_hdmi_wrapper' is updated.
18:27:27 ERROR : (XSDB Server)rm: lstatĪ«*.oĪ»╩¦░▄: Invalid argument

18:27:27 ERROR : (XSDB Server)make: *** [Makefile:42: clean] Error 1

09:24:28 INFO  : Launching XSCT server: xsct.bat -n  -interactive E:\FPGA_Project\2020_2\CNN\proj\ov5640_hdmi_v1\vitis\temp_xsdb_launch_script.tcl
09:24:29 INFO  : XSCT server has started successfully.
09:24:29 INFO  : plnx-install-location is set to ''
09:24:29 INFO  : Successfully done setting XSCT server connection channel  
09:24:29 INFO  : Successfully done setting workspace for the tool. 
09:24:31 INFO  : Platform repository initialization has completed.
09:24:31 INFO  : Registering command handlers for Vitis TCF services
09:24:31 INFO  : Successfully done query RDI_DATADIR 
09:35:24 INFO  : Result from executing command 'getProjects': ov5640_hdmi_wrapper
09:35:24 INFO  : Result from executing command 'getPlatforms': ov5640_hdmi_wrapper|E:/FPGA_Project/2020_2/CNN/proj/ov5640_hdmi_v1/vitis/ov5640_hdmi_wrapper/export/ov5640_hdmi_wrapper/ov5640_hdmi_wrapper.xpfm
09:35:24 INFO  : Checking for BSP changes to sync application flags for project 'ov5640_hdmi_dispaly'...
09:59:32 INFO  : Checking for BSP changes to sync application flags for project 'ov5640_hdmi_dispaly'...
