#-----------------------------------------------------------
# Vivado v2020.2 (64-bit)
# SW Build 3064766 on Wed Nov 18 09:12:45 MST 2020
# IP Build 3064653 on Wed Nov 18 14:17:31 MST 2020
# Start of session at: Sun Apr 19 11:38:32 2026
# Process ID: 25436
# Current directory: E:/FPGA_Project/2020_2/CNN/proj/4_cam_vdma_hdmi
# Command line: vivado.exe -mode batch -source E:/FPGA_Project/2020_2/CNN/proj/4_cam_vdma_hdmi/help/modify_clock.tcl
# Log file: E:/FPGA_Project/2020_2/CNN/proj/4_cam_vdma_hdmi/vivado.log
# Journal file: E:/FPGA_Project/2020_2/CNN/proj/4_cam_vdma_hdmi\vivado.jou
#-----------------------------------------------------------
source E:/FPGA_Project/2020_2/CNN/proj/4_cam_vdma_hdmi/help/modify_clock.tcl
# open_project E:/FPGA_Project/2020_2/CNN/proj/4_cam_vdma_hdmi/vmda_HDMI_cam/vmda_test.xpr
Scanning sources...
Finished scanning sources
INFO: [IP_Flow 19-234] Refreshing IP repositories
INFO: [IP_Flow 19-1704] No user IP repositories specified
INFO: [IP_Flow 19-2313] Loaded Vivado IP repository 'D:/work/vivado_2020_2/Vivado/2020.2/data/ip'.
# open_bd_design {E:/FPGA_Project/2020_2/CNN/proj/4_cam_vdma_hdmi/vmda_HDMI_cam/vmda_test.srcs/sources_1/bd/design_1/design_1.bd}
Reading block design file <E:/FPGA_Project/2020_2/CNN/proj/4_cam_vdma_hdmi/vmda_HDMI_cam/vmda_test.srcs/sources_1/bd/design_1/design_1.bd>...
Adding component instance block -- xilinx.com:module_ref:HDMI_top:1.0 - HDMI_top_0
Adding component instance block -- xilinx.com:ip:clk_wiz:6.0 - clk_wiz_0
Adding component instance block -- xilinx.com:ip:v_tc:6.2 - v_tc_0
Adding component instance block -- xilinx.com:ip:v_axi4s_vid_out:4.0 - v_axi4s_vid_out_0
Adding component instance block -- xilinx.com:ip:util_vector_logic:2.0 - util_vector_logic_0
Adding component instance block -- xilinx.com:ip:axi_vdma:6.3 - axi_vdma_0
Adding component instance block -- xilinx.com:ip:processing_system7:5.5 - processing_system7_0
Adding component instance block -- xilinx.com:ip:axi_interconnect:2.1 - ps7_0_axi_periph
Adding component instance block -- xilinx.com:ip:axi_protocol_converter:2.1 - auto_pc
Adding component instance block -- xilinx.com:ip:proc_sys_reset:5.0 - rst_ps7_0_200M
Adding component instance block -- xilinx.com:ip:axi_interconnect:2.1 - axi_mem_intercon
Adding component instance block -- xilinx.com:ip:axi_crossbar:2.1 - xbar
Adding component instance block -- xilinx.com:ip:axi_protocol_converter:2.1 - auto_pc
Adding component instance block -- xilinx.com:module_ref:data_gen:1.0 - data_gen_0
Adding component instance block -- xilinx.com:ip:xlconstant:1.1 - xlconstant_0
Adding component instance block -- xilinx.com:ip:v_vid_in_axi4s:4.0 - v_vid_in_axi4s_0
Adding component instance block -- xilinx.com:module_ref:ov5640_cfg_top:1.0 - ov5640_cfg_top_0
Adding component instance block -- xilinx.com:module_ref:cam_captrue_data:1.0 - cam_captrue_data_0
Adding component instance block -- xilinx.com:ip:util_vector_logic:2.0 - util_vector_logic_1
Successfully read diagram <design_1> from block design file <E:/FPGA_Project/2020_2/CNN/proj/4_cam_vdma_hdmi/vmda_HDMI_cam/vmda_test.srcs/sources_1/bd/design_1/design_1.bd>
open_bd_design: Time (s): cpu = 00:00:01 ; elapsed = 00:00:11 . Memory (MB): peak = 1145.910 ; gain = 0.000
# puts "\n========================================"

========================================
# puts "ејҖе§Ӣдҝ®ж”№ж—¶й’ҹй…ҚзҪ?"
ејҖе§Ӣдҝ®ж”№ж—¶й’ҹй…ҚзҪ?
# puts "========================================"
========================================
# set ps7 [get_bd_cells processing_system7_0]
# puts "\nеҪ“еүҚFCLK_CLK0й…ҚзҪ®:"

еҪ“еүҚFCLK_CLK0й…ҚзҪ®:
# puts "  PCW_CLK0_FREQ: [get_property CONFIG.PCW_CLK0_FREQ [get_bd_cells $ps7]]"
  PCW_CLK0_FREQ: 200000000
# puts "  PCW_FCLK0_PERIPHERAL_DIVISOR0: [get_property CONFIG.PCW_FCLK0_PERIPHERAL_DIVISOR0 [get_bd_cells $ps7]]"
  PCW_FCLK0_PERIPHERAL_DIVISOR0: 4
# puts "  PCW_FCLK0_PERIPHERAL_DIVISOR1: [get_property CONFIG.PCW_FCLK0_PERIPHERAL_DIVISOR1 [get_bd_cells $ps7]]"
  PCW_FCLK0_PERIPHERAL_DIVISOR1: 2
# puts "\nдҝ?ж”№FCLK_CLK0дё?150MHz..."

дҝ?ж”№FCLK_CLK0дё?150MHz...
# puts "\nжЈҖжҹ?PLLй…ҚзҪ®..."

жЈҖжҹ?PLLй…ҚзҪ®...
# puts "  PCW_FCLK0_PERIPHERAL_CLKSRC: [get_property CONFIG.PCW_FCLK0_PERIPHERAL_CLKSRC [get_bd_cells $ps7]]"
  PCW_FCLK0_PERIPHERAL_CLKSRC: IO PLL
# set_property CONFIG.PCW_CLK0_FREQ 150000000 [get_bd_cells $ps7]
# puts "\nдҝ?ж”№еҗҺFCLK_CLK0й…ҚзҪ®:"

дҝ?ж”№еҗҺFCLK_CLK0й…ҚзҪ®:
# puts "  PCW_CLK0_FREQ: [get_property CONFIG.PCW_CLK0_FREQ [get_bd_cells $ps7]]"
  PCW_CLK0_FREQ: 150000000
# puts "  PCW_FCLK0_PERIPHERAL_DIVISOR0: [get_property CONFIG.PCW_FCLK0_PERIPHERAL_DIVISOR0 [get_bd_cells $ps7]]"
  PCW_FCLK0_PERIPHERAL_DIVISOR0: 4
# puts "  PCW_FCLK0_PERIPHERAL_DIVISOR1: [get_property CONFIG.PCW_FCLK0_PERIPHERAL_DIVISOR1 [get_bd_cells $ps7]]"
  PCW_FCLK0_PERIPHERAL_DIVISOR1: 2
# puts "\nдҝ?ж”№Reset IPйў‘зҺҮй…ҚзҪ®..."

дҝ?ж”№Reset IPйў‘зҺҮй…ҚзҪ®...
# set rst [get_bd_cells rst_ps7_0_200M]
# puts "  еҪ“еүҚResetеҗҚз§°: $rst"
  еҪ“еүҚResetеҗҚз§°: /rst_ps7_0_200M
# puts "\nдҝқеӯҳBlock Design..."

дҝқеӯҳBlock Design...
# save_bd_design
Wrote  : <E:\FPGA_Project\2020_2\CNN\proj\4_cam_vdma_hdmi\vmda_HDMI_cam\vmda_test.srcs\sources_1\bd\design_1\design_1.bd> 
# puts "\n========================================"

========================================
# puts "ж—¶й’ҹдҝ?ж”№е®ҢжҲ?"
ж—¶й’ҹдҝ?ж”№е®ҢжҲ?
# puts "========================================"
========================================
# puts "\nжіЁж„Ҹ: йңҖиҰҒйҮҚж–°з”ҹжҲҗиҫ“еҮәдә§е“Ғе’Ңз»јеҗҲе®һзҺ°"

жіЁж„Ҹ: йңҖиҰҒйҮҚж–°з”ҹжҲҗиҫ“еҮәдә§е“Ғе’Ңз»јеҗҲе®һзҺ°
# close_bd_design [get_bd_designs design_1]
# close_project
INFO: [Common 17-206] Exiting Vivado at Sun Apr 19 11:38:47 2026...
