#-----------------------------------------------------------
# Vivado v2020.2 (64-bit)
# SW Build 3064766 on Wed Nov 18 09:12:45 MST 2020
# IP Build 3064653 on Wed Nov 18 14:17:31 MST 2020
# Start of session at: Sun Apr 19 13:27:14 2026
# Process ID: 41616
# Current directory: E:/FPGA_Project/2020_2/CNN/proj/4_cam_vdma_hdmi/vmda_HDMI_cam/vitis/cam_vdma_hdmi/Debug
# Command line: vivado.exe -mode tcl -source E:/FPGA_Project/2020_2/CNN/proj/4_cam_vdma_hdmi/help/rebuild_simple.tcl
# Log file: E:/FPGA_Project/2020_2/CNN/proj/4_cam_vdma_hdmi/vmda_HDMI_cam/vitis/cam_vdma_hdmi/Debug/vivado.log
# Journal file: E:/FPGA_Project/2020_2/CNN/proj/4_cam_vdma_hdmi/vmda_HDMI_cam/vitis/cam_vdma_hdmi/Debug\vivado.jou
#-----------------------------------------------------------
source E:/FPGA_Project/2020_2/CNN/proj/4_cam_vdma_hdmi/help/rebuild_simple.tcl
# set project_path E:/FPGA_Project/2020_2/CNN/proj/4_cam_vdma_hdmi/vmda_HDMI_cam/vmda_test.xpr
# set bd_path E:/FPGA_Project/2020_2/CNN/proj/4_cam_vdma_hdmi/vmda_HDMI_cam/vmda_test.srcs/sources_1/bd/design_1/design_1.bd
# set xsa_path E:/FPGA_Project/2020_2/CNN/proj/4_cam_vdma_hdmi/vmda_HDMI_cam/vitis/design_1_wrapper.xsa
# puts "========================================"
========================================
# puts "้ๆฐๆๅปบๅทฅ็จ (็ฎๅ็)"
้ๆฐๆๅปบๅทฅ็จ (็ฎๅ็)
# puts "========================================"
========================================
# open_project $project_path
Scanning sources...
Finished scanning sources
INFO: [IP_Flow 19-234] Refreshing IP repositories
INFO: [IP_Flow 19-1704] No user IP repositories specified
INFO: [IP_Flow 19-2313] Loaded Vivado IP repository 'D:/work/vivado_2020_2/Vivado/2020.2/data/ip'.
# open_bd_design $bd_path
Reading block design file <E:/FPGA_Project/2020_2/CNN/proj/4_cam_vdma_hdmi/vmda_HDMI_cam/vmda_test.srcs/sources_1/bd/design_1/design_1.bd>...
Adding component instance block -- xilinx.com:module_ref:HDMI_top:1.0 - HDMI_top_0
Adding component instance block -- xilinx.com:ip:clk_wiz:6.0 - clk_wiz_0
Adding component instance block -- xilinx.com:ip:v_tc:6.2 - v_tc_0
Adding component instance block -- xilinx.com:ip:v_axi4s_vid_out:4.0 - v_axi4s_vid_out_0
Adding component instance block -- xilinx.com:ip:util_vector_logic:2.0 - util_vector_logic_0
Adding component instance block -- xilinx.com:ip:axi_vdma:6.3 - axi_vdma_0
Adding component instance block -- xilinx.com:ip:processing_system7:5.5 - processing_system7_0
Adding component instance block -- xilinx.com:ip:axi_interconnect:2.1 - ps7_0_axi_periph
Adding component instance block -- xilinx.com:ip:axi_protocol_converter:2.1 - auto_pc
Adding component instance block -- xilinx.com:ip:proc_sys_reset:5.0 - rst_ps7_0_200M
Adding component instance block -- xilinx.com:ip:axi_interconnect:2.1 - axi_mem_intercon
Adding component instance block -- xilinx.com:ip:axi_crossbar:2.1 - xbar
Adding component instance block -- xilinx.com:ip:axi_protocol_converter:2.1 - auto_pc
Adding component instance block -- xilinx.com:module_ref:data_gen:1.0 - data_gen_0
Adding component instance block -- xilinx.com:ip:xlconstant:1.1 - xlconstant_0
Adding component instance block -- xilinx.com:ip:v_vid_in_axi4s:4.0 - v_vid_in_axi4s_0
Adding component instance block -- xilinx.com:module_ref:ov5640_cfg_top:1.0 - ov5640_cfg_top_0
Adding component instance block -- xilinx.com:module_ref:cam_captrue_data:1.0 - cam_captrue_data_0
Adding component instance block -- xilinx.com:ip:util_vector_logic:2.0 - util_vector_logic_1
Successfully read diagram <design_1> from block design file <E:/FPGA_Project/2020_2/CNN/proj/4_cam_vdma_hdmi/vmda_HDMI_cam/vmda_test.srcs/sources_1/bd/design_1/design_1.bd>
open_bd_design: Time (s): cpu = 00:00:01 ; elapsed = 00:00:11 . Memory (MB): peak = 1144.516 ; gain = 0.000
# puts "\n้ช่ฏ่ฎพ่??..."

้ช่ฏ่ฎพ่??...
# validate_bd_design
INFO: [BD 5-320] Validate design is not run, since the design is already validated.
# puts "\nไฟๅญ่ฎพ่??..."

ไฟๅญ่ฎพ่??...
# save_bd_design
# puts "\n้ๆฐ็ๆ่พๅบไบงๅ..."

้ๆฐ็ๆ่พๅบไบงๅ...
# generate_target all [get_files $bd_path]
INFO: [BD 41-1637] Generated targets are already up-to-date for block design 'design_1' - hence not re-generating.
# puts "\nๅฏผๅบ็ก?ไป?..."

ๅฏผๅบ็ก?ไป?...
# write_hw_platform -fixed -force -file $xsa_path
INFO: [Vivado 12-4895] Creating Hardware Platform: E:/FPGA_Project/2020_2/CNN/proj/4_cam_vdma_hdmi/vmda_HDMI_cam/vitis/design_1_wrapper.xsa ...
INFO: [Hsi 55-2053] elapsed time for repository (D:/work/vivado_2020_2/Vivado/2020.2/data\embeddedsw) loading 1 seconds
INFO: [Vivado 12-12467] The Hardware Platform can be used for Hardware
INFO: [Vivado 12-4896] Successfully created Hardware Platform: E:/FPGA_Project/2020_2/CNN/proj/4_cam_vdma_hdmi/vmda_HDMI_cam/vitis/design_1_wrapper.xsa
write_hw_platform: Time (s): cpu = 00:00:02 ; elapsed = 00:00:05 . Memory (MB): peak = 1144.516 ; gain = 0.000
# puts "\n========================================"

========================================
# puts "Block Designๆดๆฐๅฎๆ!"
Block Designๆดๆฐๅฎๆ!
# puts "========================================"
========================================
# puts "\n่ฏทๅจVivado GUIไธ?:"

่ฏทๅจVivado GUIไธ?:
# puts "1. ๆๅผๅทฅ็จ: $project_path"
1. ๆๅผๅทฅ็จ: E:/FPGA_Project/2020_2/CNN/proj/4_cam_vdma_hdmi/vmda_HDMI_cam/vmda_test.xpr
# puts "2. ่ฟ่?็ปผๅ? (Flow -> Run Synthesis)"
2. ่ฟ่?็ปผๅ? (Flow -> Run Synthesis)
# puts "3. ่ฟ่?ๅฎ็กใ (Flow -> Run Implementation)"
3. ่ฟ่?ๅฎ็กใ (Flow -> Run Implementation)
# puts "4. ็ๆBitstream (Flow -> Generate Bitstream)"
4. ็ๆBitstream (Flow -> Generate Bitstream)
# puts "5. ๅฏผๅบXSA (File -> Export -> Export Hardware)"
5. ๅฏผๅบXSA (File -> Export -> Export Hardware)
Vivado% INFO: [Common 17-206] Exiting Vivado at Sun Apr 19 13:27:33 2026...
