12:11:39 INFO  : Registering command handlers for Vitis TCF services
12:11:39 INFO  : Launching XSCT server: xsct.bat -n  -interactive E:\FPGA_Project\2020_2\CNN\proj\vmda_test\vitis\temp_xsdb_launch_script.tcl
12:11:40 INFO  : Platform repository initialization has completed.
12:11:41 INFO  : XSCT server has started successfully.
12:11:41 INFO  : Successfully done setting XSCT server connection channel  
12:11:41 INFO  : plnx-install-location is set to ''
12:11:41 INFO  : Successfully done query RDI_DATADIR 
12:11:41 INFO  : Successfully done setting workspace for the tool. 
12:12:18 INFO  : Result from executing command 'getProjects': design_1_wrapper
12:12:18 INFO  : Result from executing command 'getPlatforms': 
12:12:18 WARN  : An unexpected exception occurred in the module 'platform project logging'
12:12:18 INFO  : Platform 'design_1_wrapper' is added to custom repositories.
12:12:21 INFO  : Platform 'design_1_wrapper' is added to custom repositories.
14:45:30 INFO  : Hardware specification for platform project 'design_1_wrapper' is updated.
14:45:40 ERROR : (XSDB Server)rm: lstat＆*.o＊囮啖: Invalid argument

14:45:40 ERROR : (XSDB Server)make: *** [Makefile:42: clean] Error 1

15:16:33 INFO  : Example project vdma_1 has been created successfully.
15:58:56 INFO  : Result from executing command 'getProjects': design_1_wrapper
15:58:56 INFO  : Result from executing command 'getPlatforms': design_1_wrapper|E:/FPGA_Project/2020_2/CNN/proj/vmda_test/vitis/design_1_wrapper/export/design_1_wrapper/design_1_wrapper.xpfm
15:58:56 INFO  : Checking for BSP changes to sync application flags for project 'vdma_ctrl'...
15:58:57 INFO  : The hardware specfication used by project 'vdma_ctrl' is out of sync with the platform. Resource files extracted from the hardware specfiication will be updated.
15:58:57 INFO  : The file 'E:\FPGA_Project\2020_2\CNN\proj\vmda_test\vitis\vdma_ctrl\_ide\bitstream\design_1_wrapper.bit' stored in project is removed.
15:58:57 INFO  : The updated bitstream files are copied from platform to folder 'E:\FPGA_Project\2020_2\CNN\proj\vmda_test\vitis\vdma_ctrl\_ide\bitstream' in project 'vdma_ctrl'.
15:58:57 INFO  : The file 'E:\FPGA_Project\2020_2\CNN\proj\vmda_test\vitis\vdma_ctrl\_ide\psinit\ps7_init.tcl' stored in project is removed.
15:58:59 INFO  : The updated ps init files are copied from platform to folder 'E:\FPGA_Project\2020_2\CNN\proj\vmda_test\vitis\vdma_ctrl\_ide\psinit' in project 'vdma_ctrl'.
09:10:01 INFO  : Connected to target on host '127.0.0.1' and port '3121'.
09:10:02 INFO  : Jtag cable 'Digilent JTAG-SMT2 210251A08870' is selected.
09:10:02 INFO  : 'jtag frequency' command is executed.
09:10:02 INFO  : Context for 'APU' is selected.
09:10:02 INFO  : System reset is completed.
09:10:05 INFO  : 'after 3000' command is executed.
09:10:05 INFO  : 'targets -set -filter {jtag_cable_name =~ "Digilent JTAG-SMT2 210251A08870" && level==0 && jtag_device_ctx=="jsn-JTAG-SMT2-210251A08870-13722093-0"}' command is executed.
09:10:07 INFO  : Device configured successfully with "E:/FPGA_Project/2020_2/CNN/proj/vmda_test/vitis/vdma_ctrl/_ide/bitstream/design_1_wrapper.bit"
09:10:07 INFO  : Context for 'APU' is selected.
09:10:07 INFO  : Hardware design and registers information is loaded from 'E:/FPGA_Project/2020_2/CNN/proj/vmda_test/vitis/design_1_wrapper/export/design_1_wrapper/hw/design_1_wrapper.xsa'.
09:10:07 INFO  : 'configparams force-mem-access 1' command is executed.
09:10:07 INFO  : Context for 'APU' is selected.
09:10:07 INFO  : Sourcing of 'E:/FPGA_Project/2020_2/CNN/proj/vmda_test/vitis/vdma_ctrl/_ide/psinit/ps7_init.tcl' is done.
09:10:07 INFO  : 'ps7_init' command is executed.
09:10:07 INFO  : 'ps7_post_config' command is executed.
09:10:07 INFO  : Context for processor 'ps7_cortexa9_0' is selected.
09:10:07 INFO  : The application 'E:/FPGA_Project/2020_2/CNN/proj/vmda_test/vitis/vdma_ctrl/Debug/vdma_ctrl.elf' is downloaded to processor 'ps7_cortexa9_0'.
09:10:07 INFO  : 'configparams force-mem-access 0' command is executed.
09:10:07 INFO  : ----------------XSDB Script----------------
connect -url tcp:127.0.0.1:3121
targets -set -nocase -filter {name =~"APU*"}
rst -system
after 3000
targets -set -filter {jtag_cable_name =~ "Digilent JTAG-SMT2 210251A08870" && level==0 && jtag_device_ctx=="jsn-JTAG-SMT2-210251A08870-13722093-0"}
fpga -file E:/FPGA_Project/2020_2/CNN/proj/vmda_test/vitis/vdma_ctrl/_ide/bitstream/design_1_wrapper.bit
targets -set -nocase -filter {name =~"APU*"}
loadhw -hw E:/FPGA_Project/2020_2/CNN/proj/vmda_test/vitis/design_1_wrapper/export/design_1_wrapper/hw/design_1_wrapper.xsa -mem-ranges [list {0x40000000 0xbfffffff}] -regs
configparams force-mem-access 1
targets -set -nocase -filter {name =~"APU*"}
source E:/FPGA_Project/2020_2/CNN/proj/vmda_test/vitis/vdma_ctrl/_ide/psinit/ps7_init.tcl
ps7_init
ps7_post_config
targets -set -nocase -filter {name =~ "*A9*#0"}
dow E:/FPGA_Project/2020_2/CNN/proj/vmda_test/vitis/vdma_ctrl/Debug/vdma_ctrl.elf
configparams force-mem-access 0
----------------End of Script----------------

09:10:07 INFO  : Context for processor 'ps7_cortexa9_0' is selected.
09:10:07 INFO  : 'con' command is executed.
09:10:07 INFO  : ----------------XSDB Script (After Launch)----------------
targets -set -nocase -filter {name =~ "*A9*#0"}
con
----------------End of Script----------------

09:10:07 INFO  : Launch script is exported to file 'E:\FPGA_Project\2020_2\CNN\proj\vmda_test\vitis\vdma_ctrl_system\_ide\scripts\systemdebugger_vdma_ctrl_system_standalone.tcl'
09:11:23 INFO  : Checking for BSP changes to sync application flags for project 'vdma_ctrl'...
09:11:32 INFO  : Disconnected from the channel tcfchan#3.
09:11:32 INFO  : Connected to target on host '127.0.0.1' and port '3121'.
09:11:32 INFO  : Jtag cable 'Digilent JTAG-SMT2 210251A08870' is selected.
09:11:32 INFO  : 'jtag frequency' command is executed.
09:11:32 INFO  : Context for 'APU' is selected.
09:11:32 INFO  : System reset is completed.
09:11:35 INFO  : 'after 3000' command is executed.
09:11:35 INFO  : 'targets -set -filter {jtag_cable_name =~ "Digilent JTAG-SMT2 210251A08870" && level==0 && jtag_device_ctx=="jsn-JTAG-SMT2-210251A08870-13722093-0"}' command is executed.
09:11:36 INFO  : Device configured successfully with "E:/FPGA_Project/2020_2/CNN/proj/vmda_test/vitis/vdma_ctrl/_ide/bitstream/design_1_wrapper.bit"
09:11:37 INFO  : Context for 'APU' is selected.
09:11:37 INFO  : Hardware design and registers information is loaded from 'E:/FPGA_Project/2020_2/CNN/proj/vmda_test/vitis/design_1_wrapper/export/design_1_wrapper/hw/design_1_wrapper.xsa'.
09:11:37 INFO  : 'configparams force-mem-access 1' command is executed.
09:11:37 INFO  : Context for 'APU' is selected.
09:11:37 INFO  : Sourcing of 'E:/FPGA_Project/2020_2/CNN/proj/vmda_test/vitis/vdma_ctrl/_ide/psinit/ps7_init.tcl' is done.
09:11:37 INFO  : 'ps7_init' command is executed.
09:11:37 INFO  : 'ps7_post_config' command is executed.
09:11:37 INFO  : Context for processor 'ps7_cortexa9_0' is selected.
09:11:37 INFO  : The application 'E:/FPGA_Project/2020_2/CNN/proj/vmda_test/vitis/vdma_ctrl/Debug/vdma_ctrl.elf' is downloaded to processor 'ps7_cortexa9_0'.
09:11:37 INFO  : 'configparams force-mem-access 0' command is executed.
09:11:37 INFO  : ----------------XSDB Script----------------
connect -url tcp:127.0.0.1:3121
targets -set -nocase -filter {name =~"APU*"}
rst -system
after 3000
targets -set -filter {jtag_cable_name =~ "Digilent JTAG-SMT2 210251A08870" && level==0 && jtag_device_ctx=="jsn-JTAG-SMT2-210251A08870-13722093-0"}
fpga -file E:/FPGA_Project/2020_2/CNN/proj/vmda_test/vitis/vdma_ctrl/_ide/bitstream/design_1_wrapper.bit
targets -set -nocase -filter {name =~"APU*"}
loadhw -hw E:/FPGA_Project/2020_2/CNN/proj/vmda_test/vitis/design_1_wrapper/export/design_1_wrapper/hw/design_1_wrapper.xsa -mem-ranges [list {0x40000000 0xbfffffff}] -regs
configparams force-mem-access 1
targets -set -nocase -filter {name =~"APU*"}
source E:/FPGA_Project/2020_2/CNN/proj/vmda_test/vitis/vdma_ctrl/_ide/psinit/ps7_init.tcl
ps7_init
ps7_post_config
targets -set -nocase -filter {name =~ "*A9*#0"}
dow E:/FPGA_Project/2020_2/CNN/proj/vmda_test/vitis/vdma_ctrl/Debug/vdma_ctrl.elf
configparams force-mem-access 0
----------------End of Script----------------

09:11:37 INFO  : Context for processor 'ps7_cortexa9_0' is selected.
09:11:37 INFO  : 'con' command is executed.
09:11:37 INFO  : ----------------XSDB Script (After Launch)----------------
targets -set -nocase -filter {name =~ "*A9*#0"}
con
----------------End of Script----------------

09:11:37 INFO  : Launch script is exported to file 'E:\FPGA_Project\2020_2\CNN\proj\vmda_test\vitis\vdma_ctrl_system\_ide\scripts\systemdebugger_vdma_ctrl_system_standalone.tcl'
09:13:18 INFO  : Disconnected from the channel tcfchan#5.
09:13:18 INFO  : Connected to target on host '127.0.0.1' and port '3121'.
09:13:18 INFO  : Jtag cable 'Digilent JTAG-SMT2 210251A08870' is selected.
09:13:18 INFO  : 'jtag frequency' command is executed.
09:13:18 INFO  : Context for 'APU' is selected.
09:13:18 INFO  : System reset is completed.
09:13:22 INFO  : 'after 3000' command is executed.
09:13:22 INFO  : 'targets -set -filter {jtag_cable_name =~ "Digilent JTAG-SMT2 210251A08870" && level==0 && jtag_device_ctx=="jsn-JTAG-SMT2-210251A08870-13722093-0"}' command is executed.
09:13:23 INFO  : Device configured successfully with "E:/FPGA_Project/2020_2/CNN/proj/vmda_test/vitis/vdma_ctrl/_ide/bitstream/design_1_wrapper.bit"
09:13:23 INFO  : Context for 'APU' is selected.
09:13:23 INFO  : Hardware design and registers information is loaded from 'E:/FPGA_Project/2020_2/CNN/proj/vmda_test/vitis/design_1_wrapper/export/design_1_wrapper/hw/design_1_wrapper.xsa'.
09:13:23 INFO  : 'configparams force-mem-access 1' command is executed.
09:13:23 INFO  : Context for 'APU' is selected.
09:13:23 INFO  : Sourcing of 'E:/FPGA_Project/2020_2/CNN/proj/vmda_test/vitis/vdma_ctrl/_ide/psinit/ps7_init.tcl' is done.
09:13:23 INFO  : 'ps7_init' command is executed.
09:13:23 INFO  : 'ps7_post_config' command is executed.
09:13:23 INFO  : Context for processor 'ps7_cortexa9_0' is selected.
09:13:23 INFO  : The application 'E:/FPGA_Project/2020_2/CNN/proj/vmda_test/vitis/vdma_ctrl/Debug/vdma_ctrl.elf' is downloaded to processor 'ps7_cortexa9_0'.
09:13:23 INFO  : 'configparams force-mem-access 0' command is executed.
09:13:23 INFO  : ----------------XSDB Script----------------
connect -url tcp:127.0.0.1:3121
targets -set -nocase -filter {name =~"APU*"}
rst -system
after 3000
targets -set -filter {jtag_cable_name =~ "Digilent JTAG-SMT2 210251A08870" && level==0 && jtag_device_ctx=="jsn-JTAG-SMT2-210251A08870-13722093-0"}
fpga -file E:/FPGA_Project/2020_2/CNN/proj/vmda_test/vitis/vdma_ctrl/_ide/bitstream/design_1_wrapper.bit
targets -set -nocase -filter {name =~"APU*"}
loadhw -hw E:/FPGA_Project/2020_2/CNN/proj/vmda_test/vitis/design_1_wrapper/export/design_1_wrapper/hw/design_1_wrapper.xsa -mem-ranges [list {0x40000000 0xbfffffff}] -regs
configparams force-mem-access 1
targets -set -nocase -filter {name =~"APU*"}
source E:/FPGA_Project/2020_2/CNN/proj/vmda_test/vitis/vdma_ctrl/_ide/psinit/ps7_init.tcl
ps7_init
ps7_post_config
targets -set -nocase -filter {name =~ "*A9*#0"}
dow E:/FPGA_Project/2020_2/CNN/proj/vmda_test/vitis/vdma_ctrl/Debug/vdma_ctrl.elf
configparams force-mem-access 0
----------------End of Script----------------

09:13:23 INFO  : Context for processor 'ps7_cortexa9_0' is selected.
09:13:23 INFO  : 'con' command is executed.
09:13:23 INFO  : ----------------XSDB Script (After Launch)----------------
targets -set -nocase -filter {name =~ "*A9*#0"}
con
----------------End of Script----------------

09:13:23 INFO  : Launch script is exported to file 'E:\FPGA_Project\2020_2\CNN\proj\vmda_test\vitis\vdma_ctrl_system\_ide\scripts\systemdebugger_vdma_ctrl_system_standalone.tcl'
09:13:38 INFO  : Disconnected from the channel tcfchan#6.
09:13:38 INFO  : Connected to target on host '127.0.0.1' and port '3121'.
09:13:38 INFO  : Jtag cable 'Digilent JTAG-SMT2 210251A08870' is selected.
09:13:38 INFO  : 'jtag frequency' command is executed.
09:13:38 INFO  : Context for 'APU' is selected.
09:13:38 INFO  : System reset is completed.
09:13:41 INFO  : 'after 3000' command is executed.
09:13:41 INFO  : 'targets -set -filter {jtag_cable_name =~ "Digilent JTAG-SMT2 210251A08870" && level==0 && jtag_device_ctx=="jsn-JTAG-SMT2-210251A08870-13722093-0"}' command is executed.
09:13:42 INFO  : Device configured successfully with "E:/FPGA_Project/2020_2/CNN/proj/vmda_test/vitis/vdma_ctrl/_ide/bitstream/design_1_wrapper.bit"
09:13:42 INFO  : Context for 'APU' is selected.
09:13:42 INFO  : Hardware design and registers information is loaded from 'E:/FPGA_Project/2020_2/CNN/proj/vmda_test/vitis/design_1_wrapper/export/design_1_wrapper/hw/design_1_wrapper.xsa'.
09:13:42 INFO  : 'configparams force-mem-access 1' command is executed.
09:13:42 INFO  : Context for 'APU' is selected.
09:13:42 INFO  : Sourcing of 'E:/FPGA_Project/2020_2/CNN/proj/vmda_test/vitis/vdma_ctrl/_ide/psinit/ps7_init.tcl' is done.
09:13:42 INFO  : 'ps7_init' command is executed.
09:13:42 INFO  : 'ps7_post_config' command is executed.
09:13:42 INFO  : Context for processor 'ps7_cortexa9_0' is selected.
09:13:42 INFO  : The application 'E:/FPGA_Project/2020_2/CNN/proj/vmda_test/vitis/vdma_ctrl/Debug/vdma_ctrl.elf' is downloaded to processor 'ps7_cortexa9_0'.
09:13:42 INFO  : 'configparams force-mem-access 0' command is executed.
09:13:42 INFO  : ----------------XSDB Script----------------
connect -url tcp:127.0.0.1:3121
targets -set -nocase -filter {name =~"APU*"}
rst -system
after 3000
targets -set -filter {jtag_cable_name =~ "Digilent JTAG-SMT2 210251A08870" && level==0 && jtag_device_ctx=="jsn-JTAG-SMT2-210251A08870-13722093-0"}
fpga -file E:/FPGA_Project/2020_2/CNN/proj/vmda_test/vitis/vdma_ctrl/_ide/bitstream/design_1_wrapper.bit
targets -set -nocase -filter {name =~"APU*"}
loadhw -hw E:/FPGA_Project/2020_2/CNN/proj/vmda_test/vitis/design_1_wrapper/export/design_1_wrapper/hw/design_1_wrapper.xsa -mem-ranges [list {0x40000000 0xbfffffff}] -regs
configparams force-mem-access 1
targets -set -nocase -filter {name =~"APU*"}
source E:/FPGA_Project/2020_2/CNN/proj/vmda_test/vitis/vdma_ctrl/_ide/psinit/ps7_init.tcl
ps7_init
ps7_post_config
targets -set -nocase -filter {name =~ "*A9*#0"}
dow E:/FPGA_Project/2020_2/CNN/proj/vmda_test/vitis/vdma_ctrl/Debug/vdma_ctrl.elf
configparams force-mem-access 0
----------------End of Script----------------

09:13:42 INFO  : Context for processor 'ps7_cortexa9_0' is selected.
09:13:42 INFO  : 'con' command is executed.
09:13:42 INFO  : ----------------XSDB Script (After Launch)----------------
targets -set -nocase -filter {name =~ "*A9*#0"}
con
----------------End of Script----------------

09:13:42 INFO  : Launch script is exported to file 'E:\FPGA_Project\2020_2\CNN\proj\vmda_test\vitis\vdma_ctrl_system\_ide\scripts\systemdebugger_vdma_ctrl_system_standalone.tcl'
09:30:52 INFO  : Checking for BSP changes to sync application flags for project 'vdma_ctrl'...
09:31:10 INFO  : Disconnected from the channel tcfchan#7.
09:31:10 INFO  : Connected to target on host '127.0.0.1' and port '3121'.
09:31:10 INFO  : Jtag cable 'Digilent JTAG-SMT2 210251A08870' is selected.
09:31:10 INFO  : 'jtag frequency' command is executed.
09:31:10 INFO  : Context for 'APU' is selected.
09:31:11 INFO  : System reset is completed.
09:31:14 INFO  : 'after 3000' command is executed.
09:31:14 INFO  : 'targets -set -filter {jtag_cable_name =~ "Digilent JTAG-SMT2 210251A08870" && level==0 && jtag_device_ctx=="jsn-JTAG-SMT2-210251A08870-13722093-0"}' command is executed.
09:31:15 INFO  : Device configured successfully with "E:/FPGA_Project/2020_2/CNN/proj/vmda_test/vitis/vdma_ctrl/_ide/bitstream/design_1_wrapper.bit"
09:31:15 INFO  : Context for 'APU' is selected.
09:31:15 INFO  : Hardware design and registers information is loaded from 'E:/FPGA_Project/2020_2/CNN/proj/vmda_test/vitis/design_1_wrapper/export/design_1_wrapper/hw/design_1_wrapper.xsa'.
09:31:15 INFO  : 'configparams force-mem-access 1' command is executed.
09:31:15 INFO  : Context for 'APU' is selected.
09:31:15 INFO  : Sourcing of 'E:/FPGA_Project/2020_2/CNN/proj/vmda_test/vitis/vdma_ctrl/_ide/psinit/ps7_init.tcl' is done.
09:31:15 INFO  : 'ps7_init' command is executed.
09:31:15 INFO  : 'ps7_post_config' command is executed.
09:31:15 INFO  : Context for processor 'ps7_cortexa9_0' is selected.
09:31:15 INFO  : The application 'E:/FPGA_Project/2020_2/CNN/proj/vmda_test/vitis/vdma_ctrl/Debug/vdma_ctrl.elf' is downloaded to processor 'ps7_cortexa9_0'.
09:31:15 INFO  : 'configparams force-mem-access 0' command is executed.
09:31:15 INFO  : ----------------XSDB Script----------------
connect -url tcp:127.0.0.1:3121
targets -set -nocase -filter {name =~"APU*"}
rst -system
after 3000
targets -set -filter {jtag_cable_name =~ "Digilent JTAG-SMT2 210251A08870" && level==0 && jtag_device_ctx=="jsn-JTAG-SMT2-210251A08870-13722093-0"}
fpga -file E:/FPGA_Project/2020_2/CNN/proj/vmda_test/vitis/vdma_ctrl/_ide/bitstream/design_1_wrapper.bit
targets -set -nocase -filter {name =~"APU*"}
loadhw -hw E:/FPGA_Project/2020_2/CNN/proj/vmda_test/vitis/design_1_wrapper/export/design_1_wrapper/hw/design_1_wrapper.xsa -mem-ranges [list {0x40000000 0xbfffffff}] -regs
configparams force-mem-access 1
targets -set -nocase -filter {name =~"APU*"}
source E:/FPGA_Project/2020_2/CNN/proj/vmda_test/vitis/vdma_ctrl/_ide/psinit/ps7_init.tcl
ps7_init
ps7_post_config
targets -set -nocase -filter {name =~ "*A9*#0"}
dow E:/FPGA_Project/2020_2/CNN/proj/vmda_test/vitis/vdma_ctrl/Debug/vdma_ctrl.elf
configparams force-mem-access 0
----------------End of Script----------------

09:31:15 INFO  : Context for processor 'ps7_cortexa9_0' is selected.
09:31:15 INFO  : 'con' command is executed.
09:31:15 INFO  : ----------------XSDB Script (After Launch)----------------
targets -set -nocase -filter {name =~ "*A9*#0"}
con
----------------End of Script----------------

09:31:15 INFO  : Launch script is exported to file 'E:\FPGA_Project\2020_2\CNN\proj\vmda_test\vitis\vdma_ctrl_system\_ide\scripts\systemdebugger_vdma_ctrl_system_standalone.tcl'
09:43:51 INFO  : Hardware specification for platform project 'design_1_wrapper' is updated.
09:44:47 INFO  : Result from executing command 'getProjects': design_1_wrapper
09:44:47 INFO  : Result from executing command 'getPlatforms': design_1_wrapper|E:/FPGA_Project/2020_2/CNN/proj/vmda_test/vitis/design_1_wrapper/export/design_1_wrapper/design_1_wrapper.xpfm
09:44:48 INFO  : Checking for BSP changes to sync application flags for project 'vdma_ctrl'...
09:44:49 INFO  : The hardware specfication used by project 'vdma_ctrl' is out of sync with the platform. Resource files extracted from the hardware specfiication will be updated.
09:44:49 INFO  : The file 'E:\FPGA_Project\2020_2\CNN\proj\vmda_test\vitis\vdma_ctrl\_ide\bitstream\design_1_wrapper.bit' stored in project is removed.
09:44:49 INFO  : The updated bitstream files are copied from platform to folder 'E:\FPGA_Project\2020_2\CNN\proj\vmda_test\vitis\vdma_ctrl\_ide\bitstream' in project 'vdma_ctrl'.
09:44:49 INFO  : The file 'E:\FPGA_Project\2020_2\CNN\proj\vmda_test\vitis\vdma_ctrl\_ide\psinit\ps7_init.tcl' stored in project is removed.
09:44:51 INFO  : The updated ps init files are copied from platform to folder 'E:\FPGA_Project\2020_2\CNN\proj\vmda_test\vitis\vdma_ctrl\_ide\psinit' in project 'vdma_ctrl'.
09:46:01 INFO  : Disconnected from the channel tcfchan#9.
09:46:01 INFO  : Connected to target on host '127.0.0.1' and port '3121'.
09:46:01 INFO  : Jtag cable 'Digilent JTAG-SMT2 210251A08870' is selected.
09:46:01 INFO  : 'jtag frequency' command is executed.
09:46:01 INFO  : Context for 'APU' is selected.
09:46:01 INFO  : System reset is completed.
09:46:04 INFO  : 'after 3000' command is executed.
09:46:05 INFO  : 'targets -set -filter {jtag_cable_name =~ "Digilent JTAG-SMT2 210251A08870" && level==0 && jtag_device_ctx=="jsn-JTAG-SMT2-210251A08870-13722093-0"}' command is executed.
09:46:06 INFO  : Device configured successfully with "E:/FPGA_Project/2020_2/CNN/proj/vmda_test/vitis/vdma_ctrl/_ide/bitstream/design_1_wrapper.bit"
09:46:06 INFO  : Context for 'APU' is selected.
09:46:06 INFO  : Hardware design and registers information is loaded from 'E:/FPGA_Project/2020_2/CNN/proj/vmda_test/vitis/design_1_wrapper/export/design_1_wrapper/hw/design_1_wrapper.xsa'.
09:46:06 INFO  : 'configparams force-mem-access 1' command is executed.
09:46:06 INFO  : Context for 'APU' is selected.
09:46:06 INFO  : Sourcing of 'E:/FPGA_Project/2020_2/CNN/proj/vmda_test/vitis/vdma_ctrl/_ide/psinit/ps7_init.tcl' is done.
09:46:06 INFO  : 'ps7_init' command is executed.
09:46:06 INFO  : 'ps7_post_config' command is executed.
09:46:06 INFO  : Context for processor 'ps7_cortexa9_0' is selected.
09:46:06 INFO  : The application 'E:/FPGA_Project/2020_2/CNN/proj/vmda_test/vitis/vdma_ctrl/Debug/vdma_ctrl.elf' is downloaded to processor 'ps7_cortexa9_0'.
09:46:06 INFO  : 'configparams force-mem-access 0' command is executed.
09:46:06 INFO  : ----------------XSDB Script----------------
connect -url tcp:127.0.0.1:3121
targets -set -nocase -filter {name =~"APU*"}
rst -system
after 3000
targets -set -filter {jtag_cable_name =~ "Digilent JTAG-SMT2 210251A08870" && level==0 && jtag_device_ctx=="jsn-JTAG-SMT2-210251A08870-13722093-0"}
fpga -file E:/FPGA_Project/2020_2/CNN/proj/vmda_test/vitis/vdma_ctrl/_ide/bitstream/design_1_wrapper.bit
targets -set -nocase -filter {name =~"APU*"}
loadhw -hw E:/FPGA_Project/2020_2/CNN/proj/vmda_test/vitis/design_1_wrapper/export/design_1_wrapper/hw/design_1_wrapper.xsa -mem-ranges [list {0x40000000 0xbfffffff}] -regs
configparams force-mem-access 1
targets -set -nocase -filter {name =~"APU*"}
source E:/FPGA_Project/2020_2/CNN/proj/vmda_test/vitis/vdma_ctrl/_ide/psinit/ps7_init.tcl
ps7_init
ps7_post_config
targets -set -nocase -filter {name =~ "*A9*#0"}
dow E:/FPGA_Project/2020_2/CNN/proj/vmda_test/vitis/vdma_ctrl/Debug/vdma_ctrl.elf
configparams force-mem-access 0
----------------End of Script----------------

09:46:06 INFO  : Context for processor 'ps7_cortexa9_0' is selected.
09:46:06 INFO  : 'con' command is executed.
09:46:06 INFO  : ----------------XSDB Script (After Launch)----------------
targets -set -nocase -filter {name =~ "*A9*#0"}
con
----------------End of Script----------------

09:46:06 INFO  : Launch script is exported to file 'E:\FPGA_Project\2020_2\CNN\proj\vmda_test\vitis\vdma_ctrl_system\_ide\scripts\systemdebugger_vdma_ctrl_system_standalone.tcl'
09:51:32 INFO  : Disconnected from the channel tcfchan#12.
09:51:32 INFO  : Connected to target on host '127.0.0.1' and port '3121'.
09:51:32 INFO  : Jtag cable 'Digilent JTAG-SMT2 210251A08870' is selected.
09:51:32 INFO  : 'jtag frequency' command is executed.
09:51:32 INFO  : Context for 'APU' is selected.
09:51:32 INFO  : System reset is completed.
09:51:35 INFO  : 'after 3000' command is executed.
09:51:35 INFO  : 'targets -set -filter {jtag_cable_name =~ "Digilent JTAG-SMT2 210251A08870" && level==0 && jtag_device_ctx=="jsn-JTAG-SMT2-210251A08870-13722093-0"}' command is executed.
09:51:36 INFO  : Device configured successfully with "E:/FPGA_Project/2020_2/CNN/proj/vmda_test/vitis/vdma_ctrl/_ide/bitstream/design_1_wrapper.bit"
09:51:36 INFO  : Context for 'APU' is selected.
09:51:36 INFO  : Hardware design and registers information is loaded from 'E:/FPGA_Project/2020_2/CNN/proj/vmda_test/vitis/design_1_wrapper/export/design_1_wrapper/hw/design_1_wrapper.xsa'.
09:51:36 INFO  : 'configparams force-mem-access 1' command is executed.
09:51:36 INFO  : Context for 'APU' is selected.
09:51:36 INFO  : Sourcing of 'E:/FPGA_Project/2020_2/CNN/proj/vmda_test/vitis/vdma_ctrl/_ide/psinit/ps7_init.tcl' is done.
09:51:36 INFO  : 'ps7_init' command is executed.
09:51:36 INFO  : 'ps7_post_config' command is executed.
09:51:36 INFO  : Context for processor 'ps7_cortexa9_0' is selected.
09:51:37 INFO  : The application 'E:/FPGA_Project/2020_2/CNN/proj/vmda_test/vitis/vdma_ctrl/Debug/vdma_ctrl.elf' is downloaded to processor 'ps7_cortexa9_0'.
09:51:37 INFO  : 'configparams force-mem-access 0' command is executed.
09:51:37 INFO  : ----------------XSDB Script----------------
connect -url tcp:127.0.0.1:3121
targets -set -nocase -filter {name =~"APU*"}
rst -system
after 3000
targets -set -filter {jtag_cable_name =~ "Digilent JTAG-SMT2 210251A08870" && level==0 && jtag_device_ctx=="jsn-JTAG-SMT2-210251A08870-13722093-0"}
fpga -file E:/FPGA_Project/2020_2/CNN/proj/vmda_test/vitis/vdma_ctrl/_ide/bitstream/design_1_wrapper.bit
targets -set -nocase -filter {name =~"APU*"}
loadhw -hw E:/FPGA_Project/2020_2/CNN/proj/vmda_test/vitis/design_1_wrapper/export/design_1_wrapper/hw/design_1_wrapper.xsa -mem-ranges [list {0x40000000 0xbfffffff}] -regs
configparams force-mem-access 1
targets -set -nocase -filter {name =~"APU*"}
source E:/FPGA_Project/2020_2/CNN/proj/vmda_test/vitis/vdma_ctrl/_ide/psinit/ps7_init.tcl
ps7_init
ps7_post_config
targets -set -nocase -filter {name =~ "*A9*#0"}
dow E:/FPGA_Project/2020_2/CNN/proj/vmda_test/vitis/vdma_ctrl/Debug/vdma_ctrl.elf
configparams force-mem-access 0
----------------End of Script----------------

09:51:37 INFO  : Context for processor 'ps7_cortexa9_0' is selected.
09:51:37 INFO  : 'con' command is executed.
09:51:37 INFO  : ----------------XSDB Script (After Launch)----------------
targets -set -nocase -filter {name =~ "*A9*#0"}
con
----------------End of Script----------------

09:51:37 INFO  : Launch script is exported to file 'E:\FPGA_Project\2020_2\CNN\proj\vmda_test\vitis\vdma_ctrl_system\_ide\scripts\systemdebugger_vdma_ctrl_system_standalone.tcl'
09:55:44 INFO  : Disconnected from the channel tcfchan#13.
09:55:44 INFO  : Connected to target on host '127.0.0.1' and port '3121'.
09:55:44 INFO  : Jtag cable 'Digilent JTAG-SMT2 210251A08870' is selected.
09:55:44 INFO  : 'jtag frequency' command is executed.
09:55:44 INFO  : Context for 'APU' is selected.
09:55:44 INFO  : System reset is completed.
09:55:47 INFO  : 'after 3000' command is executed.
09:55:47 INFO  : 'targets -set -filter {jtag_cable_name =~ "Digilent JTAG-SMT2 210251A08870" && level==0 && jtag_device_ctx=="jsn-JTAG-SMT2-210251A08870-13722093-0"}' command is executed.
09:55:48 INFO  : Device configured successfully with "E:/FPGA_Project/2020_2/CNN/proj/vmda_test/vitis/vdma_ctrl/_ide/bitstream/design_1_wrapper.bit"
09:55:48 INFO  : Context for 'APU' is selected.
09:55:48 INFO  : Hardware design and registers information is loaded from 'E:/FPGA_Project/2020_2/CNN/proj/vmda_test/vitis/design_1_wrapper/export/design_1_wrapper/hw/design_1_wrapper.xsa'.
09:55:48 INFO  : 'configparams force-mem-access 1' command is executed.
09:55:48 INFO  : Context for 'APU' is selected.
09:55:48 INFO  : Sourcing of 'E:/FPGA_Project/2020_2/CNN/proj/vmda_test/vitis/vdma_ctrl/_ide/psinit/ps7_init.tcl' is done.
09:55:48 INFO  : 'ps7_init' command is executed.
09:55:48 INFO  : 'ps7_post_config' command is executed.
09:55:48 INFO  : Context for processor 'ps7_cortexa9_0' is selected.
09:55:49 INFO  : The application 'E:/FPGA_Project/2020_2/CNN/proj/vmda_test/vitis/vdma_ctrl/Debug/vdma_ctrl.elf' is downloaded to processor 'ps7_cortexa9_0'.
09:55:49 INFO  : 'configparams force-mem-access 0' command is executed.
09:55:49 INFO  : ----------------XSDB Script----------------
connect -url tcp:127.0.0.1:3121
targets -set -nocase -filter {name =~"APU*"}
rst -system
after 3000
targets -set -filter {jtag_cable_name =~ "Digilent JTAG-SMT2 210251A08870" && level==0 && jtag_device_ctx=="jsn-JTAG-SMT2-210251A08870-13722093-0"}
fpga -file E:/FPGA_Project/2020_2/CNN/proj/vmda_test/vitis/vdma_ctrl/_ide/bitstream/design_1_wrapper.bit
targets -set -nocase -filter {name =~"APU*"}
loadhw -hw E:/FPGA_Project/2020_2/CNN/proj/vmda_test/vitis/design_1_wrapper/export/design_1_wrapper/hw/design_1_wrapper.xsa -mem-ranges [list {0x40000000 0xbfffffff}] -regs
configparams force-mem-access 1
targets -set -nocase -filter {name =~"APU*"}
source E:/FPGA_Project/2020_2/CNN/proj/vmda_test/vitis/vdma_ctrl/_ide/psinit/ps7_init.tcl
ps7_init
ps7_post_config
targets -set -nocase -filter {name =~ "*A9*#0"}
dow E:/FPGA_Project/2020_2/CNN/proj/vmda_test/vitis/vdma_ctrl/Debug/vdma_ctrl.elf
configparams force-mem-access 0
----------------End of Script----------------

09:55:49 INFO  : Context for processor 'ps7_cortexa9_0' is selected.
09:55:49 INFO  : 'con' command is executed.
09:55:49 INFO  : ----------------XSDB Script (After Launch)----------------
targets -set -nocase -filter {name =~ "*A9*#0"}
con
----------------End of Script----------------

09:55:49 INFO  : Launch script is exported to file 'E:\FPGA_Project\2020_2\CNN\proj\vmda_test\vitis\vdma_ctrl_system\_ide\scripts\systemdebugger_vdma_ctrl_system_standalone.tcl'
10:04:22 INFO  : Checking for BSP changes to sync application flags for project 'vdma_ctrl'...
10:04:31 INFO  : Disconnected from the channel tcfchan#14.
10:04:31 INFO  : Connected to target on host '127.0.0.1' and port '3121'.
10:04:31 INFO  : Jtag cable 'Digilent JTAG-SMT2 210251A08870' is selected.
10:04:31 INFO  : 'jtag frequency' command is executed.
10:04:31 INFO  : Context for 'APU' is selected.
10:04:32 INFO  : System reset is completed.
10:04:35 INFO  : 'after 3000' command is executed.
10:04:35 INFO  : 'targets -set -filter {jtag_cable_name =~ "Digilent JTAG-SMT2 210251A08870" && level==0 && jtag_device_ctx=="jsn-JTAG-SMT2-210251A08870-13722093-0"}' command is executed.
10:04:36 INFO  : Device configured successfully with "E:/FPGA_Project/2020_2/CNN/proj/vmda_test/vitis/vdma_ctrl/_ide/bitstream/design_1_wrapper.bit"
10:04:36 INFO  : Context for 'APU' is selected.
10:04:36 INFO  : Hardware design and registers information is loaded from 'E:/FPGA_Project/2020_2/CNN/proj/vmda_test/vitis/design_1_wrapper/export/design_1_wrapper/hw/design_1_wrapper.xsa'.
10:04:36 INFO  : 'configparams force-mem-access 1' command is executed.
10:04:36 INFO  : Context for 'APU' is selected.
10:04:36 INFO  : Sourcing of 'E:/FPGA_Project/2020_2/CNN/proj/vmda_test/vitis/vdma_ctrl/_ide/psinit/ps7_init.tcl' is done.
10:04:36 INFO  : 'ps7_init' command is executed.
10:04:36 INFO  : 'ps7_post_config' command is executed.
10:04:36 INFO  : Context for processor 'ps7_cortexa9_0' is selected.
10:04:36 INFO  : The application 'E:/FPGA_Project/2020_2/CNN/proj/vmda_test/vitis/vdma_ctrl/Debug/vdma_ctrl.elf' is downloaded to processor 'ps7_cortexa9_0'.
10:04:36 INFO  : 'configparams force-mem-access 0' command is executed.
10:04:36 INFO  : ----------------XSDB Script----------------
connect -url tcp:127.0.0.1:3121
targets -set -nocase -filter {name =~"APU*"}
rst -system
after 3000
targets -set -filter {jtag_cable_name =~ "Digilent JTAG-SMT2 210251A08870" && level==0 && jtag_device_ctx=="jsn-JTAG-SMT2-210251A08870-13722093-0"}
fpga -file E:/FPGA_Project/2020_2/CNN/proj/vmda_test/vitis/vdma_ctrl/_ide/bitstream/design_1_wrapper.bit
targets -set -nocase -filter {name =~"APU*"}
loadhw -hw E:/FPGA_Project/2020_2/CNN/proj/vmda_test/vitis/design_1_wrapper/export/design_1_wrapper/hw/design_1_wrapper.xsa -mem-ranges [list {0x40000000 0xbfffffff}] -regs
configparams force-mem-access 1
targets -set -nocase -filter {name =~"APU*"}
source E:/FPGA_Project/2020_2/CNN/proj/vmda_test/vitis/vdma_ctrl/_ide/psinit/ps7_init.tcl
ps7_init
ps7_post_config
targets -set -nocase -filter {name =~ "*A9*#0"}
dow E:/FPGA_Project/2020_2/CNN/proj/vmda_test/vitis/vdma_ctrl/Debug/vdma_ctrl.elf
configparams force-mem-access 0
----------------End of Script----------------

10:04:36 INFO  : Context for processor 'ps7_cortexa9_0' is selected.
10:04:36 INFO  : 'con' command is executed.
10:04:36 INFO  : ----------------XSDB Script (After Launch)----------------
targets -set -nocase -filter {name =~ "*A9*#0"}
con
----------------End of Script----------------

10:04:36 INFO  : Launch script is exported to file 'E:\FPGA_Project\2020_2\CNN\proj\vmda_test\vitis\vdma_ctrl_system\_ide\scripts\systemdebugger_vdma_ctrl_system_standalone.tcl'
10:11:34 INFO  : Checking for BSP changes to sync application flags for project 'vdma_ctrl'...
10:12:12 INFO  : Disconnected from the channel tcfchan#16.
10:12:12 INFO  : Connected to target on host '127.0.0.1' and port '3121'.
10:12:12 INFO  : Jtag cable 'Digilent JTAG-SMT2 210251A08870' is selected.
10:12:12 INFO  : 'jtag frequency' command is executed.
10:12:12 INFO  : Context for 'APU' is selected.
10:12:12 INFO  : System reset is completed.
10:12:15 INFO  : 'after 3000' command is executed.
10:12:15 INFO  : 'targets -set -filter {jtag_cable_name =~ "Digilent JTAG-SMT2 210251A08870" && level==0 && jtag_device_ctx=="jsn-JTAG-SMT2-210251A08870-13722093-0"}' command is executed.
10:12:17 INFO  : Device configured successfully with "E:/FPGA_Project/2020_2/CNN/proj/vmda_test/vitis/vdma_ctrl/_ide/bitstream/design_1_wrapper.bit"
10:12:17 INFO  : Context for 'APU' is selected.
10:12:17 INFO  : Hardware design and registers information is loaded from 'E:/FPGA_Project/2020_2/CNN/proj/vmda_test/vitis/design_1_wrapper/export/design_1_wrapper/hw/design_1_wrapper.xsa'.
10:12:17 INFO  : 'configparams force-mem-access 1' command is executed.
10:12:17 INFO  : Context for 'APU' is selected.
10:12:17 INFO  : Sourcing of 'E:/FPGA_Project/2020_2/CNN/proj/vmda_test/vitis/vdma_ctrl/_ide/psinit/ps7_init.tcl' is done.
10:12:17 INFO  : 'ps7_init' command is executed.
10:12:17 INFO  : 'ps7_post_config' command is executed.
10:12:17 INFO  : Context for processor 'ps7_cortexa9_0' is selected.
10:12:17 INFO  : The application 'E:/FPGA_Project/2020_2/CNN/proj/vmda_test/vitis/vdma_ctrl/Debug/vdma_ctrl.elf' is downloaded to processor 'ps7_cortexa9_0'.
10:12:17 INFO  : 'configparams force-mem-access 0' command is executed.
10:12:17 INFO  : ----------------XSDB Script----------------
connect -url tcp:127.0.0.1:3121
targets -set -nocase -filter {name =~"APU*"}
rst -system
after 3000
targets -set -filter {jtag_cable_name =~ "Digilent JTAG-SMT2 210251A08870" && level==0 && jtag_device_ctx=="jsn-JTAG-SMT2-210251A08870-13722093-0"}
fpga -file E:/FPGA_Project/2020_2/CNN/proj/vmda_test/vitis/vdma_ctrl/_ide/bitstream/design_1_wrapper.bit
targets -set -nocase -filter {name =~"APU*"}
loadhw -hw E:/FPGA_Project/2020_2/CNN/proj/vmda_test/vitis/design_1_wrapper/export/design_1_wrapper/hw/design_1_wrapper.xsa -mem-ranges [list {0x40000000 0xbfffffff}] -regs
configparams force-mem-access 1
targets -set -nocase -filter {name =~"APU*"}
source E:/FPGA_Project/2020_2/CNN/proj/vmda_test/vitis/vdma_ctrl/_ide/psinit/ps7_init.tcl
ps7_init
ps7_post_config
targets -set -nocase -filter {name =~ "*A9*#0"}
dow E:/FPGA_Project/2020_2/CNN/proj/vmda_test/vitis/vdma_ctrl/Debug/vdma_ctrl.elf
configparams force-mem-access 0
----------------End of Script----------------

10:12:17 INFO  : Context for processor 'ps7_cortexa9_0' is selected.
10:12:17 INFO  : 'con' command is executed.
10:12:17 INFO  : ----------------XSDB Script (After Launch)----------------
targets -set -nocase -filter {name =~ "*A9*#0"}
con
----------------End of Script----------------

10:12:17 INFO  : Launch script is exported to file 'E:\FPGA_Project\2020_2\CNN\proj\vmda_test\vitis\vdma_ctrl_system\_ide\scripts\systemdebugger_vdma_ctrl_system_standalone.tcl'
10:12:53 INFO  : Disconnected from the channel tcfchan#18.
10:12:53 INFO  : Connected to target on host '127.0.0.1' and port '3121'.
10:12:53 INFO  : Jtag cable 'Digilent JTAG-SMT2 210251A08870' is selected.
10:12:53 INFO  : 'jtag frequency' command is executed.
10:12:53 INFO  : Context for 'APU' is selected.
10:12:53 INFO  : System reset is completed.
10:12:56 INFO  : 'after 3000' command is executed.
10:12:56 INFO  : 'targets -set -filter {jtag_cable_name =~ "Digilent JTAG-SMT2 210251A08870" && level==0 && jtag_device_ctx=="jsn-JTAG-SMT2-210251A08870-13722093-0"}' command is executed.
10:12:57 INFO  : Device configured successfully with "E:/FPGA_Project/2020_2/CNN/proj/vmda_test/vitis/vdma_ctrl/_ide/bitstream/design_1_wrapper.bit"
10:12:57 INFO  : Context for 'APU' is selected.
10:12:57 INFO  : Hardware design and registers information is loaded from 'E:/FPGA_Project/2020_2/CNN/proj/vmda_test/vitis/design_1_wrapper/export/design_1_wrapper/hw/design_1_wrapper.xsa'.
10:12:57 INFO  : 'configparams force-mem-access 1' command is executed.
10:12:57 INFO  : Context for 'APU' is selected.
10:12:57 INFO  : Sourcing of 'E:/FPGA_Project/2020_2/CNN/proj/vmda_test/vitis/vdma_ctrl/_ide/psinit/ps7_init.tcl' is done.
10:12:57 INFO  : 'ps7_init' command is executed.
10:12:57 INFO  : 'ps7_post_config' command is executed.
10:12:57 INFO  : Context for processor 'ps7_cortexa9_0' is selected.
10:12:57 INFO  : The application 'E:/FPGA_Project/2020_2/CNN/proj/vmda_test/vitis/vdma_ctrl/Debug/vdma_ctrl.elf' is downloaded to processor 'ps7_cortexa9_0'.
10:12:57 INFO  : 'configparams force-mem-access 0' command is executed.
10:12:57 INFO  : ----------------XSDB Script----------------
connect -url tcp:127.0.0.1:3121
targets -set -nocase -filter {name =~"APU*"}
rst -system
after 3000
targets -set -filter {jtag_cable_name =~ "Digilent JTAG-SMT2 210251A08870" && level==0 && jtag_device_ctx=="jsn-JTAG-SMT2-210251A08870-13722093-0"}
fpga -file E:/FPGA_Project/2020_2/CNN/proj/vmda_test/vitis/vdma_ctrl/_ide/bitstream/design_1_wrapper.bit
targets -set -nocase -filter {name =~"APU*"}
loadhw -hw E:/FPGA_Project/2020_2/CNN/proj/vmda_test/vitis/design_1_wrapper/export/design_1_wrapper/hw/design_1_wrapper.xsa -mem-ranges [list {0x40000000 0xbfffffff}] -regs
configparams force-mem-access 1
targets -set -nocase -filter {name =~"APU*"}
source E:/FPGA_Project/2020_2/CNN/proj/vmda_test/vitis/vdma_ctrl/_ide/psinit/ps7_init.tcl
ps7_init
ps7_post_config
targets -set -nocase -filter {name =~ "*A9*#0"}
dow E:/FPGA_Project/2020_2/CNN/proj/vmda_test/vitis/vdma_ctrl/Debug/vdma_ctrl.elf
configparams force-mem-access 0
----------------End of Script----------------

10:12:57 INFO  : Context for processor 'ps7_cortexa9_0' is selected.
10:12:57 INFO  : 'con' command is executed.
10:12:57 INFO  : ----------------XSDB Script (After Launch)----------------
targets -set -nocase -filter {name =~ "*A9*#0"}
con
----------------End of Script----------------

10:12:57 INFO  : Launch script is exported to file 'E:\FPGA_Project\2020_2\CNN\proj\vmda_test\vitis\vdma_ctrl_system\_ide\scripts\systemdebugger_vdma_ctrl_system_standalone.tcl'
10:22:47 INFO  : Checking for BSP changes to sync application flags for project 'vdma_ctrl'...
10:23:06 INFO  : Disconnected from the channel tcfchan#19.
10:23:06 INFO  : Connected to target on host '127.0.0.1' and port '3121'.
10:23:06 INFO  : Jtag cable 'Digilent JTAG-SMT2 210251A08870' is selected.
10:23:06 INFO  : 'jtag frequency' command is executed.
10:23:06 INFO  : Context for 'APU' is selected.
10:23:06 INFO  : System reset is completed.
10:23:09 INFO  : 'after 3000' command is executed.
10:23:09 INFO  : 'targets -set -filter {jtag_cable_name =~ "Digilent JTAG-SMT2 210251A08870" && level==0 && jtag_device_ctx=="jsn-JTAG-SMT2-210251A08870-13722093-0"}' command is executed.
10:23:10 INFO  : Device configured successfully with "E:/FPGA_Project/2020_2/CNN/proj/vmda_test/vitis/vdma_ctrl/_ide/bitstream/design_1_wrapper.bit"
10:23:10 INFO  : Context for 'APU' is selected.
10:23:10 INFO  : Hardware design and registers information is loaded from 'E:/FPGA_Project/2020_2/CNN/proj/vmda_test/vitis/design_1_wrapper/export/design_1_wrapper/hw/design_1_wrapper.xsa'.
10:23:10 INFO  : 'configparams force-mem-access 1' command is executed.
10:23:10 INFO  : Context for 'APU' is selected.
10:23:10 INFO  : Sourcing of 'E:/FPGA_Project/2020_2/CNN/proj/vmda_test/vitis/vdma_ctrl/_ide/psinit/ps7_init.tcl' is done.
10:23:10 INFO  : 'ps7_init' command is executed.
10:23:10 INFO  : 'ps7_post_config' command is executed.
10:23:10 INFO  : Context for processor 'ps7_cortexa9_0' is selected.
10:23:10 INFO  : The application 'E:/FPGA_Project/2020_2/CNN/proj/vmda_test/vitis/vdma_ctrl/Debug/vdma_ctrl.elf' is downloaded to processor 'ps7_cortexa9_0'.
10:23:10 INFO  : 'configparams force-mem-access 0' command is executed.
10:23:10 INFO  : ----------------XSDB Script----------------
connect -url tcp:127.0.0.1:3121
targets -set -nocase -filter {name =~"APU*"}
rst -system
after 3000
targets -set -filter {jtag_cable_name =~ "Digilent JTAG-SMT2 210251A08870" && level==0 && jtag_device_ctx=="jsn-JTAG-SMT2-210251A08870-13722093-0"}
fpga -file E:/FPGA_Project/2020_2/CNN/proj/vmda_test/vitis/vdma_ctrl/_ide/bitstream/design_1_wrapper.bit
targets -set -nocase -filter {name =~"APU*"}
loadhw -hw E:/FPGA_Project/2020_2/CNN/proj/vmda_test/vitis/design_1_wrapper/export/design_1_wrapper/hw/design_1_wrapper.xsa -mem-ranges [list {0x40000000 0xbfffffff}] -regs
configparams force-mem-access 1
targets -set -nocase -filter {name =~"APU*"}
source E:/FPGA_Project/2020_2/CNN/proj/vmda_test/vitis/vdma_ctrl/_ide/psinit/ps7_init.tcl
ps7_init
ps7_post_config
targets -set -nocase -filter {name =~ "*A9*#0"}
dow E:/FPGA_Project/2020_2/CNN/proj/vmda_test/vitis/vdma_ctrl/Debug/vdma_ctrl.elf
configparams force-mem-access 0
----------------End of Script----------------

10:23:10 INFO  : Context for processor 'ps7_cortexa9_0' is selected.
10:23:10 INFO  : 'con' command is executed.
10:23:10 INFO  : ----------------XSDB Script (After Launch)----------------
targets -set -nocase -filter {name =~ "*A9*#0"}
con
----------------End of Script----------------

10:23:10 INFO  : Launch script is exported to file 'E:\FPGA_Project\2020_2\CNN\proj\vmda_test\vitis\vdma_ctrl_system\_ide\scripts\systemdebugger_vdma_ctrl_system_standalone.tcl'
10:36:52 INFO  : Disconnected from the channel tcfchan#21.
11:56:26 INFO  : Launching XSCT server: xsct.bat -n  -interactive E:\FPGA_Project\2020_2\CNN\proj\4_cam_vdma_hdmi\vmda_HDMI_cam\vitis\temp_xsdb_launch_script.tcl
11:56:27 INFO  : XSCT server has started successfully.
11:56:27 INFO  : Successfully done setting XSCT server connection channel  
11:56:27 INFO  : plnx-install-location is set to ''
11:56:27 INFO  : Successfully done setting workspace for the tool. 
11:56:29 ERROR : Error encountered while initializing user repository paths
Reason: No Platforms Found.


11:56:29 INFO  : Platform repository initialization has completed.
11:56:29 INFO  : Registering command handlers for Vitis TCF services
11:56:29 INFO  : Successfully done query RDI_DATADIR 
11:56:52 INFO  : Hardware specification for platform project 'design_1_wrapper' is updated.
11:57:18 INFO  : Hardware specification for platform project 'design_1_wrapper' is updated.
12:04:34 INFO  : Registering command handlers for Vitis TCF services
12:04:34 INFO  : Result from executing command 'getProjects': design_1_wrapper
12:04:35 ERROR : Error encountered while initializing user repository paths
Reason: No Platforms Found.


12:04:35 INFO  : Platform repository initialization has completed.
12:04:35 INFO  : Result from executing command 'getPlatforms': 
12:04:35 ERROR : xsct server communication channel has closed unexpectedly.
java.net.SocketException: Connection reset
	at java.base/java.net.SocketInputStream.read(SocketInputStream.java:186)
	at java.base/java.net.SocketInputStream.read(SocketInputStream.java:140)
	at java.base/java.io.BufferedInputStream.read1(BufferedInputStream.java:290)
	at java.base/java.io.BufferedInputStream.read(BufferedInputStream.java:351)
	at java.base/java.io.FilterInputStream.read(FilterInputStream.java:107)
	at org.eclipse.tcf.core.ChannelTCP.get(ChannelTCP.java:186)
	at org.eclipse.tcf.core.StreamChannel.read(StreamChannel.java:85)
	at org.eclipse.tcf.core.AbstractChannel$1.run(AbstractChannel.java:329)
12:04:55 INFO  : Registering command handlers for Vitis TCF services
12:04:55 INFO  : Result from executing command 'getProjects': design_1_wrapper
12:04:56 ERROR : Error encountered while initializing user repository paths
Reason: No Platforms Found.


12:04:56 INFO  : Platform repository initialization has completed.
12:04:56 INFO  : Result from executing command 'getPlatforms': 
12:04:56 ERROR : Error from executing command 'reportPlatform': No platforms are available in repository
12:04:56 ERROR : xsct server communication channel has closed unexpectedly.
java.net.SocketException: Connection reset
	at java.base/java.net.SocketInputStream.read(SocketInputStream.java:186)
	at java.base/java.net.SocketInputStream.read(SocketInputStream.java:140)
	at java.base/java.io.BufferedInputStream.read1(BufferedInputStream.java:290)
	at java.base/java.io.BufferedInputStream.read(BufferedInputStream.java:351)
	at java.base/java.io.FilterInputStream.read(FilterInputStream.java:107)
	at org.eclipse.tcf.core.ChannelTCP.get(ChannelTCP.java:186)
	at org.eclipse.tcf.core.StreamChannel.read(StreamChannel.java:85)
	at org.eclipse.tcf.core.AbstractChannel$1.run(AbstractChannel.java:329)
12:06:03 INFO  : Registering command handlers for Vitis TCF services
12:06:03 INFO  : Result from executing command 'getProjects': design_1_wrapper
12:06:04 ERROR : Error encountered while initializing user repository paths
Reason: No Platforms Found.


12:06:04 INFO  : Platform repository initialization has completed.
12:06:04 INFO  : Result from executing command 'getPlatforms': 
12:06:04 ERROR : xsct server communication channel has closed unexpectedly.
java.net.SocketException: Connection reset
	at java.base/java.net.SocketInputStream.read(SocketInputStream.java:186)
	at java.base/java.net.SocketInputStream.read(SocketInputStream.java:140)
	at java.base/java.io.BufferedInputStream.read1(BufferedInputStream.java:290)
	at java.base/java.io.BufferedInputStream.read(BufferedInputStream.java:351)
	at java.base/java.io.FilterInputStream.read(FilterInputStream.java:107)
	at org.eclipse.tcf.core.ChannelTCP.get(ChannelTCP.java:186)
	at org.eclipse.tcf.core.StreamChannel.read(StreamChannel.java:85)
	at org.eclipse.tcf.core.AbstractChannel$1.run(AbstractChannel.java:329)
12:08:54 INFO  : Registering command handlers for Vitis TCF services
12:08:54 INFO  : Result from executing command 'getProjects': design_1_wrapper
12:08:55 ERROR : Error encountered while initializing user repository paths
Reason: No Platforms Found.


12:08:55 INFO  : Platform repository initialization has completed.
12:08:55 INFO  : Result from executing command 'getPlatforms': 
12:08:55 ERROR : xsct server communication channel has closed unexpectedly.
java.net.SocketException: Connection reset
	at java.base/java.net.SocketInputStream.read(SocketInputStream.java:186)
	at java.base/java.net.SocketInputStream.read(SocketInputStream.java:140)
	at java.base/java.io.BufferedInputStream.read1(BufferedInputStream.java:290)
	at java.base/java.io.BufferedInputStream.read(BufferedInputStream.java:351)
	at java.base/java.io.FilterInputStream.read(FilterInputStream.java:107)
	at org.eclipse.tcf.core.ChannelTCP.get(ChannelTCP.java:186)
	at org.eclipse.tcf.core.StreamChannel.read(StreamChannel.java:85)
	at org.eclipse.tcf.core.AbstractChannel$1.run(AbstractChannel.java:329)
12:09:19 INFO  : Registering command handlers for Vitis TCF services
12:09:20 INFO  : Result from executing command 'getProjects': design_1_wrapper
12:09:20 INFO  : Platform repository initialization has completed.
12:09:20 INFO  : Result from executing command 'getPlatforms': design_1_wrapper_platform|E:/FPGA_Project/2020_2/CNN/proj/4_cam_vdma_hdmi/vmda_HDMI_cam/vitis/design_1_wrapper_platform/export/design_1_wrapper_platform/design_1_wrapper_platform.xpfm
12:09:21 INFO  : Result from executing command 'reportPlatform': {design_1_wrapper_platform={standalone_domain={Os=standalone, DomainName=standalone_domain, CpuType=cortex-a9, CpuInstance=ps7_cortexa9_0}}}
12:09:21 INFO  : Result from executing command 'reportPlatform': {design_1_wrapper_platform={standalone_domain={Os=standalone, DomainName=standalone_domain, CpuType=cortex-a9, CpuInstance=ps7_cortexa9_0}}}
12:09:21 INFO  : plnx-install-location is set to ''
12:09:22 INFO  : Successfully done query RDI_DATADIR 
12:09:24 ERROR : xsct server communication channel has closed unexpectedly.
java.net.SocketException: Connection reset
	at java.base/java.net.SocketInputStream.read(SocketInputStream.java:186)
	at java.base/java.net.SocketInputStream.read(SocketInputStream.java:140)
	at java.base/java.io.BufferedInputStream.read1(BufferedInputStream.java:290)
	at java.base/java.io.BufferedInputStream.read(BufferedInputStream.java:351)
	at java.base/java.io.FilterInputStream.read(FilterInputStream.java:107)
	at org.eclipse.tcf.core.ChannelTCP.get(ChannelTCP.java:186)
	at org.eclipse.tcf.core.StreamChannel.read(StreamChannel.java:85)
	at org.eclipse.tcf.core.AbstractChannel$1.run(AbstractChannel.java:329)
12:09:58 INFO  : Registering command handlers for Vitis TCF services
12:09:58 ERROR : xsct server communication channel has closed unexpectedly.
java.net.SocketException: Connection reset
	at java.base/java.net.SocketInputStream.read(SocketInputStream.java:186)
	at java.base/java.net.SocketInputStream.read(SocketInputStream.java:140)
	at java.base/java.io.BufferedInputStream.read1(BufferedInputStream.java:290)
	at java.base/java.io.BufferedInputStream.read(BufferedInputStream.java:351)
	at java.base/java.io.FilterInputStream.read(FilterInputStream.java:107)
	at org.eclipse.tcf.core.ChannelTCP.get(ChannelTCP.java:186)
	at org.eclipse.tcf.core.StreamChannel.read(StreamChannel.java:85)
	at org.eclipse.tcf.core.AbstractChannel$1.run(AbstractChannel.java:329)
12:10:33 INFO  : Registering command handlers for Vitis TCF services
12:10:34 INFO  : Result from executing command 'getProjects': cam_vdma_hdmi;vdma_1;vdma_ctrl
12:10:34 INFO  : Result from executing command 'getProjects': design_1_wrapper
12:10:34 INFO  : Platform repository initialization has completed.
12:10:34 INFO  : Result from executing command 'getPlatforms': design_1_wrapper_platform|E:/FPGA_Project/2020_2/CNN/proj/4_cam_vdma_hdmi/vmda_HDMI_cam/vitis/design_1_wrapper_platform/export/design_1_wrapper_platform/design_1_wrapper_platform.xpfm
12:10:36 ERROR : xsct server communication channel has closed unexpectedly.
java.net.SocketException: Connection reset
	at java.base/java.net.SocketInputStream.read(SocketInputStream.java:186)
	at java.base/java.net.SocketInputStream.read(SocketInputStream.java:140)
	at java.base/java.io.BufferedInputStream.read1(BufferedInputStream.java:290)
	at java.base/java.io.BufferedInputStream.read(BufferedInputStream.java:351)
	at java.base/java.io.FilterInputStream.read(FilterInputStream.java:107)
	at org.eclipse.tcf.core.ChannelTCP.get(ChannelTCP.java:186)
	at org.eclipse.tcf.core.StreamChannel.read(StreamChannel.java:85)
	at org.eclipse.tcf.core.AbstractChannel$1.run(AbstractChannel.java:329)
12:11:15 INFO  : Registering command handlers for Vitis TCF services
12:11:15 ERROR : xsct server communication channel has closed unexpectedly.
java.net.SocketException: Connection reset
	at java.base/java.net.SocketInputStream.read(SocketInputStream.java:186)
	at java.base/java.net.SocketInputStream.read(SocketInputStream.java:140)
	at java.base/java.io.BufferedInputStream.read1(BufferedInputStream.java:290)
	at java.base/java.io.BufferedInputStream.read(BufferedInputStream.java:351)
	at java.base/java.io.FilterInputStream.read(FilterInputStream.java:107)
	at org.eclipse.tcf.core.ChannelTCP.get(ChannelTCP.java:186)
	at org.eclipse.tcf.core.StreamChannel.read(StreamChannel.java:85)
	at org.eclipse.tcf.core.AbstractChannel$1.run(AbstractChannel.java:329)
12:55:55 INFO  : Registering command handlers for Vitis TCF services
12:55:55 INFO  : Result from executing command 'getProjects': design_1_wrapper
12:55:56 INFO  : Platform repository initialization has completed.
12:55:56 INFO  : Result from executing command 'getPlatforms': design_1_wrapper_platform|E:/FPGA_Project/2020_2/CNN/proj/4_cam_vdma_hdmi/vmda_HDMI_cam/vitis/design_1_wrapper_platform/export/design_1_wrapper_platform/design_1_wrapper_platform.xpfm
12:55:56 INFO  : Result from executing command 'getProjects': cam_vdma_hdmi;vdma_1;vdma_ctrl
12:55:58 ERROR : xsct server communication channel has closed unexpectedly.
java.net.SocketException: Connection reset
	at java.base/java.net.SocketInputStream.read(SocketInputStream.java:186)
	at java.base/java.net.SocketInputStream.read(SocketInputStream.java:140)
	at java.base/java.io.BufferedInputStream.read1(BufferedInputStream.java:290)
	at java.base/java.io.BufferedInputStream.read(BufferedInputStream.java:351)
	at java.base/java.io.FilterInputStream.read(FilterInputStream.java:107)
	at org.eclipse.tcf.core.ChannelTCP.get(ChannelTCP.java:186)
	at org.eclipse.tcf.core.StreamChannel.read(StreamChannel.java:85)
	at org.eclipse.tcf.core.AbstractChannel$1.run(AbstractChannel.java:329)
12:56:23 INFO  : Registering command handlers for Vitis TCF services
12:56:23 INFO  : Result from executing command 'getProjects': design_1_wrapper
12:56:24 INFO  : Platform repository initialization has completed.
12:56:24 INFO  : Result from executing command 'getPlatforms': design_1_wrapper_platform|E:/FPGA_Project/2020_2/CNN/proj/4_cam_vdma_hdmi/vmda_HDMI_cam/vitis/design_1_wrapper_platform/export/design_1_wrapper_platform/design_1_wrapper_platform.xpfm
12:56:24 ERROR : xsct server communication channel has closed unexpectedly.
java.net.SocketException: Connection reset
	at java.base/java.net.SocketInputStream.read(SocketInputStream.java:186)
	at java.base/java.net.SocketInputStream.read(SocketInputStream.java:140)
	at java.base/java.io.BufferedInputStream.read1(BufferedInputStream.java:290)
	at java.base/java.io.BufferedInputStream.read(BufferedInputStream.java:351)
	at java.base/java.io.FilterInputStream.read(FilterInputStream.java:107)
	at org.eclipse.tcf.core.ChannelTCP.get(ChannelTCP.java:186)
	at org.eclipse.tcf.core.StreamChannel.read(StreamChannel.java:85)
	at org.eclipse.tcf.core.AbstractChannel$1.run(AbstractChannel.java:329)
13:13:40 INFO  : Result from executing command 'getProjects': design_1_wrapper
13:13:40 INFO  : Result from executing command 'getPlatforms': 
13:13:40 INFO  : Checking for BSP changes to sync application flags for project 'vdma_ctrl'...
13:13:42 INFO  : The hardware specfication used by project 'vdma_ctrl' is out of sync with the platform. Resource files extracted from the hardware specfiication will be updated.
13:13:42 INFO  : The file 'E:\FPGA_Project\2020_2\CNN\proj\4_cam_vdma_hdmi\vmda_HDMI_cam\vitis\vdma_ctrl\_ide\bitstream\design_1_wrapper.bit' stored in project is removed.
13:13:42 INFO  : The updated bitstream files are copied from platform to folder 'E:\FPGA_Project\2020_2\CNN\proj\4_cam_vdma_hdmi\vmda_HDMI_cam\vitis\vdma_ctrl\_ide\bitstream' in project 'vdma_ctrl'.
13:13:42 INFO  : The file 'E:\FPGA_Project\2020_2\CNN\proj\4_cam_vdma_hdmi\vmda_HDMI_cam\vitis\vdma_ctrl\_ide\psinit\ps7_init.tcl' stored in project is removed.
13:13:43 INFO  : The updated ps init files are copied from platform to folder 'E:\FPGA_Project\2020_2\CNN\proj\4_cam_vdma_hdmi\vmda_HDMI_cam\vitis\vdma_ctrl\_ide\psinit' in project 'vdma_ctrl'.
13:14:07 INFO  : Connected to target on host '127.0.0.1' and port '3121'.
13:14:08 INFO  : Jtag cable 'Digilent JTAG-SMT2 210251A08870' is selected.
13:14:08 INFO  : 'jtag frequency' command is executed.
13:14:08 INFO  : Context for 'APU' is selected.
13:14:08 INFO  : System reset is completed.
13:14:11 INFO  : 'after 3000' command is executed.
13:14:11 INFO  : 'targets -set -filter {jtag_cable_name =~ "Digilent JTAG-SMT2 210251A08870" && level==0 && jtag_device_ctx=="jsn-JTAG-SMT2-210251A08870-13722093-0"}' command is executed.
13:14:12 INFO  : Device configured successfully with "E:/FPGA_Project/2020_2/CNN/proj/4_cam_vdma_hdmi/vmda_HDMI_cam/vitis/vdma_ctrl/_ide/bitstream/design_1_wrapper.bit"
13:14:12 INFO  : Context for 'APU' is selected.
13:14:12 INFO  : Hardware design and registers information is loaded from 'E:/FPGA_Project/2020_2/CNN/proj/4_cam_vdma_hdmi/vmda_HDMI_cam/vitis/design_1_wrapper/export/design_1_wrapper/hw/design_1_wrapper.xsa'.
13:14:12 INFO  : 'configparams force-mem-access 1' command is executed.
13:14:12 INFO  : Context for 'APU' is selected.
13:14:12 INFO  : Sourcing of 'E:/FPGA_Project/2020_2/CNN/proj/4_cam_vdma_hdmi/vmda_HDMI_cam/vitis/vdma_ctrl/_ide/psinit/ps7_init.tcl' is done.
13:14:12 INFO  : 'ps7_init' command is executed.
13:14:12 INFO  : 'ps7_post_config' command is executed.
13:14:12 INFO  : Context for processor 'ps7_cortexa9_0' is selected.
13:14:13 INFO  : The application 'E:/FPGA_Project/2020_2/CNN/proj/4_cam_vdma_hdmi/vmda_HDMI_cam/vitis/vdma_ctrl/Debug/vdma_ctrl.elf' is downloaded to processor 'ps7_cortexa9_0'.
13:14:13 INFO  : 'configparams force-mem-access 0' command is executed.
13:14:13 INFO  : ----------------XSDB Script----------------
connect -url tcp:127.0.0.1:3121
targets -set -nocase -filter {name =~"APU*"}
rst -system
after 3000
targets -set -filter {jtag_cable_name =~ "Digilent JTAG-SMT2 210251A08870" && level==0 && jtag_device_ctx=="jsn-JTAG-SMT2-210251A08870-13722093-0"}
fpga -file E:/FPGA_Project/2020_2/CNN/proj/4_cam_vdma_hdmi/vmda_HDMI_cam/vitis/vdma_ctrl/_ide/bitstream/design_1_wrapper.bit
targets -set -nocase -filter {name =~"APU*"}
loadhw -hw E:/FPGA_Project/2020_2/CNN/proj/4_cam_vdma_hdmi/vmda_HDMI_cam/vitis/design_1_wrapper/export/design_1_wrapper/hw/design_1_wrapper.xsa -mem-ranges [list {0x40000000 0xbfffffff}] -regs
configparams force-mem-access 1
targets -set -nocase -filter {name =~"APU*"}
source E:/FPGA_Project/2020_2/CNN/proj/4_cam_vdma_hdmi/vmda_HDMI_cam/vitis/vdma_ctrl/_ide/psinit/ps7_init.tcl
ps7_init
ps7_post_config
targets -set -nocase -filter {name =~ "*A9*#0"}
dow E:/FPGA_Project/2020_2/CNN/proj/4_cam_vdma_hdmi/vmda_HDMI_cam/vitis/vdma_ctrl/Debug/vdma_ctrl.elf
configparams force-mem-access 0
----------------End of Script----------------

13:14:13 INFO  : Context for processor 'ps7_cortexa9_0' is selected.
13:14:13 INFO  : 'con' command is executed.
13:14:13 INFO  : ----------------XSDB Script (After Launch)----------------
targets -set -nocase -filter {name =~ "*A9*#0"}
con
----------------End of Script----------------

13:14:13 INFO  : Launch script is exported to file 'E:\FPGA_Project\2020_2\CNN\proj\4_cam_vdma_hdmi\vmda_HDMI_cam\vitis\vdma_ctrl_system\_ide\scripts\systemdebugger_vdma_ctrl_system_standalone.tcl'
13:15:20 INFO  : Disconnected from the channel tcfchan#3.
13:15:20 INFO  : Connected to target on host '127.0.0.1' and port '3121'.
13:15:21 INFO  : Jtag cable 'Digilent JTAG-SMT2 210251A08870' is selected.
13:15:21 INFO  : 'jtag frequency' command is executed.
13:15:21 INFO  : Context for 'APU' is selected.
13:15:21 INFO  : System reset is completed.
13:15:24 INFO  : 'after 3000' command is executed.
13:15:24 INFO  : 'targets -set -filter {jtag_cable_name =~ "Digilent JTAG-SMT2 210251A08870" && level==0 && jtag_device_ctx=="jsn-JTAG-SMT2-210251A08870-13722093-0"}' command is executed.
13:15:25 INFO  : Device configured successfully with "E:/FPGA_Project/2020_2/CNN/proj/4_cam_vdma_hdmi/vmda_HDMI_cam/vitis/vdma_ctrl/_ide/bitstream/design_1_wrapper.bit"
13:15:25 INFO  : Context for 'APU' is selected.
13:15:25 INFO  : Hardware design and registers information is loaded from 'E:/FPGA_Project/2020_2/CNN/proj/4_cam_vdma_hdmi/vmda_HDMI_cam/vitis/design_1_wrapper/export/design_1_wrapper/hw/design_1_wrapper.xsa'.
13:15:25 INFO  : 'configparams force-mem-access 1' command is executed.
13:15:25 INFO  : Context for 'APU' is selected.
13:15:25 INFO  : Sourcing of 'E:/FPGA_Project/2020_2/CNN/proj/4_cam_vdma_hdmi/vmda_HDMI_cam/vitis/vdma_ctrl/_ide/psinit/ps7_init.tcl' is done.
13:15:25 INFO  : 'ps7_init' command is executed.
13:15:25 INFO  : 'ps7_post_config' command is executed.
13:15:25 INFO  : Context for processor 'ps7_cortexa9_0' is selected.
13:15:25 INFO  : The application 'E:/FPGA_Project/2020_2/CNN/proj/4_cam_vdma_hdmi/vmda_HDMI_cam/vitis/vdma_ctrl/Debug/vdma_ctrl.elf' is downloaded to processor 'ps7_cortexa9_0'.
13:15:25 INFO  : 'configparams force-mem-access 0' command is executed.
13:15:25 INFO  : ----------------XSDB Script----------------
connect -url tcp:127.0.0.1:3121
targets -set -nocase -filter {name =~"APU*"}
rst -system
after 3000
targets -set -filter {jtag_cable_name =~ "Digilent JTAG-SMT2 210251A08870" && level==0 && jtag_device_ctx=="jsn-JTAG-SMT2-210251A08870-13722093-0"}
fpga -file E:/FPGA_Project/2020_2/CNN/proj/4_cam_vdma_hdmi/vmda_HDMI_cam/vitis/vdma_ctrl/_ide/bitstream/design_1_wrapper.bit
targets -set -nocase -filter {name =~"APU*"}
loadhw -hw E:/FPGA_Project/2020_2/CNN/proj/4_cam_vdma_hdmi/vmda_HDMI_cam/vitis/design_1_wrapper/export/design_1_wrapper/hw/design_1_wrapper.xsa -mem-ranges [list {0x40000000 0xbfffffff}] -regs
configparams force-mem-access 1
targets -set -nocase -filter {name =~"APU*"}
source E:/FPGA_Project/2020_2/CNN/proj/4_cam_vdma_hdmi/vmda_HDMI_cam/vitis/vdma_ctrl/_ide/psinit/ps7_init.tcl
ps7_init
ps7_post_config
targets -set -nocase -filter {name =~ "*A9*#0"}
dow E:/FPGA_Project/2020_2/CNN/proj/4_cam_vdma_hdmi/vmda_HDMI_cam/vitis/vdma_ctrl/Debug/vdma_ctrl.elf
configparams force-mem-access 0
----------------End of Script----------------

13:15:25 INFO  : Context for processor 'ps7_cortexa9_0' is selected.
13:15:25 INFO  : 'con' command is executed.
13:15:25 INFO  : ----------------XSDB Script (After Launch)----------------
targets -set -nocase -filter {name =~ "*A9*#0"}
con
----------------End of Script----------------

13:15:25 INFO  : Launch script is exported to file 'E:\FPGA_Project\2020_2\CNN\proj\4_cam_vdma_hdmi\vmda_HDMI_cam\vitis\vdma_ctrl_system\_ide\scripts\systemdebugger_vdma_ctrl_system_standalone.tcl'
