#-----------------------------------------------------------
# Vivado v2020.2 (64-bit)
# SW Build 3064766 on Wed Nov 18 09:12:45 MST 2020
# IP Build 3064653 on Wed Nov 18 14:17:31 MST 2020
# Start of session at: Sun Apr 19 11:45:06 2026
# Process ID: 10588
# Current directory: E:/FPGA_Project/2020_2/CNN/proj/4_cam_vdma_hdmi
# Command line: vivado.exe -mode batch -source E:/FPGA_Project/2020_2/CNN/proj/4_cam_vdma_hdmi/help/impl_only.tcl
# Log file: E:/FPGA_Project/2020_2/CNN/proj/4_cam_vdma_hdmi/vivado.log
# Journal file: E:/FPGA_Project/2020_2/CNN/proj/4_cam_vdma_hdmi\vivado.jou
#-----------------------------------------------------------
source E:/FPGA_Project/2020_2/CNN/proj/4_cam_vdma_hdmi/help/impl_only.tcl
# open_project E:/FPGA_Project/2020_2/CNN/proj/4_cam_vdma_hdmi/vmda_HDMI_cam/vmda_test.xpr
Scanning sources...
Finished scanning sources
INFO: [IP_Flow 19-234] Refreshing IP repositories
INFO: [IP_Flow 19-1704] No user IP repositories specified
INFO: [IP_Flow 19-2313] Loaded Vivado IP repository 'D:/work/vivado_2020_2/Vivado/2020.2/data/ip'.
WARNING: [IP_Flow 19-3664] IP 'design_1_processing_system7_0_0' generated file not found 'e:/FPGA_Project/2020_2/CNN/proj/4_cam_vdma_hdmi/vmda_HDMI_cam/vmda_test.srcs/sources_1/bd/design_1/ip/design_1_processing_system7_0_0/design_1_processing_system7_0_0.dcp'. Please regenerate to continue.
WARNING: [IP_Flow 19-3664] IP 'design_1_processing_system7_0_0' generated file not found 'e:/FPGA_Project/2020_2/CNN/proj/4_cam_vdma_hdmi/vmda_HDMI_cam/vmda_test.srcs/sources_1/bd/design_1/ip/design_1_processing_system7_0_0/design_1_processing_system7_0_0_stub.v'. Please regenerate to continue.
WARNING: [IP_Flow 19-3664] IP 'design_1_processing_system7_0_0' generated file not found 'e:/FPGA_Project/2020_2/CNN/proj/4_cam_vdma_hdmi/vmda_HDMI_cam/vmda_test.srcs/sources_1/bd/design_1/ip/design_1_processing_system7_0_0/design_1_processing_system7_0_0_stub.vhdl'. Please regenerate to continue.
WARNING: [IP_Flow 19-3664] IP 'design_1_processing_system7_0_0' generated file not found 'e:/FPGA_Project/2020_2/CNN/proj/4_cam_vdma_hdmi/vmda_HDMI_cam/vmda_test.srcs/sources_1/bd/design_1/ip/design_1_processing_system7_0_0/design_1_processing_system7_0_0_sim_netlist.v'. Please regenerate to continue.
WARNING: [IP_Flow 19-3664] IP 'design_1_processing_system7_0_0' generated file not found 'e:/FPGA_Project/2020_2/CNN/proj/4_cam_vdma_hdmi/vmda_HDMI_cam/vmda_test.srcs/sources_1/bd/design_1/ip/design_1_processing_system7_0_0/design_1_processing_system7_0_0_sim_netlist.vhdl'. Please regenerate to continue.
# puts "\n========================================"

========================================
# puts "Step 1: 杩愯?屽疄鐜°"
Step 1: 杩愯?屽疄鐜°
# puts "========================================"
========================================
# reset_run impl_1
# launch_runs impl_1 -jobs 4
ERROR: [Common 17-70] Application Exception: Failed to launch run 'impl_1' due to failures in the following run(s):
design_1_v_tc_0_0_synth_1
design_1_clk_wiz_0_0_synth_1
design_1_util_vector_logic_0_0_synth_1
These failed run(s) need to be reset prior to launching 'impl_1' again.

INFO: [Common 17-206] Exiting Vivado at Sun Apr 19 11:45:19 2026...
