
****** Vivado v2020.2 (64-bit)
  **** SW Build 3064766 on Wed Nov 18 09:12:45 MST 2020
  **** IP Build 3064653 on Wed Nov 18 14:17:31 MST 2020
    ** Copyright 1986-2020 Xilinx, Inc. All Rights Reserved.

source E:/FPGA_Project/2020_2/CNN/proj/4_cam_vdma_hdmi/help/check_clock.tcl
# open_project E:/FPGA_Project/2020_2/CNN/proj/4_cam_vdma_hdmi/vmda_HDMI_cam/vmda_test.xpr
WARNING: [BD 41-2576] File 'E:/FPGA_Project/2020_2/CNN/proj/4_cam_vdma_hdmi/vmda_HDMI_cam/vmda_test.srcs/sources_1/bd/design_1/ip/design_1_auto_pc_0/design_1_auto_pc_0.xci' referenced by design 'design_1' could not be found.
WARNING: [BD 41-2576] File 'E:/FPGA_Project/2020_2/CNN/proj/4_cam_vdma_hdmi/vmda_HDMI_cam/vmda_test.srcs/sources_1/bd/design_1/ip/design_1_auto_pc_1/design_1_auto_pc_1.xci' referenced by design 'design_1' could not be found.
Scanning sources...
Finished scanning sources
WARNING: [BD 41-2576] File 'E:/FPGA_Project/2020_2/CNN/proj/4_cam_vdma_hdmi/vmda_HDMI_cam/vmda_test.srcs/sources_1/bd/design_1/ip/design_1_auto_pc_0/design_1_auto_pc_0.xci' referenced by design 'design_1' could not be found.
WARNING: [BD 41-2576] File 'E:/FPGA_Project/2020_2/CNN/proj/4_cam_vdma_hdmi/vmda_HDMI_cam/vmda_test.srcs/sources_1/bd/design_1/ip/design_1_auto_pc_1/design_1_auto_pc_1.xci' referenced by design 'design_1' could not be found.
WARNING: [BD 41-2576] File 'E:/FPGA_Project/2020_2/CNN/proj/4_cam_vdma_hdmi/vmda_HDMI_cam/vmda_test.srcs/sources_1/bd/design_1/ip/design_1_auto_pc_0/design_1_auto_pc_0.xci' referenced by design 'design_1' could not be found.
WARNING: [BD 41-2576] File 'E:/FPGA_Project/2020_2/CNN/proj/4_cam_vdma_hdmi/vmda_HDMI_cam/vmda_test.srcs/sources_1/bd/design_1/ip/design_1_auto_pc_1/design_1_auto_pc_1.xci' referenced by design 'design_1' could not be found.
INFO: [IP_Flow 19-234] Refreshing IP repositories
INFO: [IP_Flow 19-1704] No user IP repositories specified
INFO: [IP_Flow 19-2313] Loaded Vivado IP repository 'D:/work/vivado_2020_2/Vivado/2020.2/data/ip'.
# open_bd_design {E:/FPGA_Project/2020_2/CNN/proj/4_cam_vdma_hdmi/vmda_HDMI_cam/vmda_test.srcs/sources_1/bd/design_1/design_1.bd}
Reading block design file <E:/FPGA_Project/2020_2/CNN/proj/4_cam_vdma_hdmi/vmda_HDMI_cam/vmda_test.srcs/sources_1/bd/design_1/design_1.bd>...
Adding component instance block -- xilinx.com:module_ref:HDMI_top:1.0 - HDMI_top_0
Adding component instance block -- xilinx.com:ip:clk_wiz:6.0 - clk_wiz_0
Adding component instance block -- xilinx.com:ip:v_tc:6.2 - v_tc_0
Adding component instance block -- xilinx.com:ip:v_axi4s_vid_out:4.0 - v_axi4s_vid_out_0
Adding component instance block -- xilinx.com:ip:util_vector_logic:2.0 - util_vector_logic_0
Adding component instance block -- xilinx.com:ip:axi_vdma:6.3 - axi_vdma_0
Adding component instance block -- xilinx.com:ip:processing_system7:5.5 - processing_system7_0
Adding component instance block -- xilinx.com:ip:axi_interconnect:2.1 - ps7_0_axi_periph
Adding component instance block -- xilinx.com:ip:axi_protocol_converter:2.1 - auto_pc
INFO: [BD 41-434] Could not find an IP with XCI file by name: design_1_auto_pc_0 
Adding component instance block -- xilinx.com:ip:proc_sys_reset:5.0 - rst_ps7_0_200M
Adding component instance block -- xilinx.com:ip:axi_interconnect:2.1 - axi_mem_intercon
Adding component instance block -- xilinx.com:ip:axi_crossbar:2.1 - xbar
Adding component instance block -- xilinx.com:ip:axi_protocol_converter:2.1 - auto_pc
INFO: [BD 41-434] Could not find an IP with XCI file by name: design_1_auto_pc_1 
Adding component instance block -- xilinx.com:module_ref:data_gen:1.0 - data_gen_0
Adding component instance block -- xilinx.com:ip:xlconstant:1.1 - xlconstant_0
Adding component instance block -- xilinx.com:ip:v_vid_in_axi4s:4.0 - v_vid_in_axi4s_0
Adding component instance block -- xilinx.com:module_ref:ov5640_cfg_top:1.0 - ov5640_cfg_top_0
Adding component instance block -- xilinx.com:module_ref:cam_captrue_data:1.0 - cam_captrue_data_0
Adding component instance block -- xilinx.com:ip:util_vector_logic:2.0 - util_vector_logic_1
Successfully read diagram <design_1> from block design file <E:/FPGA_Project/2020_2/CNN/proj/4_cam_vdma_hdmi/vmda_HDMI_cam/vmda_test.srcs/sources_1/bd/design_1/design_1.bd>
INFO: [BD 41-433] 
Design successfully migrated to use XCI files...
open_bd_design: Time (s): cpu = 00:00:01 ; elapsed = 00:00:11 . Memory (MB): peak = 1145.355 ; gain = 0.000
# puts "\n========================================"

========================================
# puts "Zynq PS7 Clock Configuration:"
Zynq PS7 Clock Configuration:
# puts "========================================"
========================================
# set ps7 [get_bd_cells -filter {NAME =~ "*processing_system7*"}]
# if {$ps7 != ""} {
#     # иЋ·еЏ–PS7зљ„й…ЌзЅ?
#     set props [list_property [get_bd_cells $ps7]]
#     
#     # ж‰“еЌ°FCLKж—¶й’џй…ЌзЅ®
#     puts "\nFCLK_CLK0: [get_property CONFIG.FCLK_CLK0_FREQ [get_bd_cells $ps7]] MHz"
#     puts "FCLK_CLK1: [get_property CONFIG.FCLK_CLK1_FREQ [get_bd_cells $ps7]] MHz"
#     puts "FCLK_CLK2: [get_property CONFIG.FCLK_CLK2_FREQ [get_bd_cells $ps7]] MHz"
#     puts "FCLK_CLK3: [get_property CONFIG.FCLK_CLK3_FREQ [get_bd_cells $ps7]] MHz"
#     
#     # жЈЂжџҐе“Єдє›ж—¶й’џе·Іеђ?з”Ў§
#     puts "\nFCLK_CLK0_EN: [get_property CONFIG.FCLK_CLK0_EN [get_bd_cells $ps7]]"
#     puts "FCLK_CLK1_EN: [get_property CONFIG.FCLK_CLK1_EN [get_bd_cells $ps7]]"
#     puts "FCLK_CLK2_EN: [get_property CONFIG.FCLK_CLK2_EN [get_bd_cells $ps7]]"
#     puts "FCLK_CLK3_EN: [get_property CONFIG.FCLK_CLK3_EN [get_bd_cells $ps7]]"
# }

FCLK_CLK0:  MHz
FCLK_CLK1:  MHz
FCLK_CLK2:  MHz
FCLK_CLK3:  MHz

FCLK_CLK0_EN: 
FCLK_CLK1_EN: 
FCLK_CLK2_EN: 
FCLK_CLK3_EN: 
# puts "\n========================================"

========================================
# puts "Clock Wizard Configuration:"
Clock Wizard Configuration:
# puts "========================================"
========================================
# set clk_wiz [get_bd_cells -filter {NAME =~ "*clk_wiz*"}]
# if {$clk_wiz != ""} {
#     puts "Clock Wizard: $clk_wiz"
#     set props [list_property [get_bd_cells $clk_wiz]]
#     
#     # жЈЂжџҐиѕ“е…Ґж—¶й’?
#     puts "\nInput Clock:"
#     puts "  PRIM_IN_FREQ: [get_property CONFIG.PRIM_IN_FREQ [get_bd_cells $clk_wiz]] MHz"
#     
#     # жЈЂжџҐиѕ“е‡єж—¶й’џж•°й‡?
#     set num_clks [get_property CONFIG.NUM_OUT_CLKS [get_bd_cells $clk_wiz]]
#     puts "\nNumber of output clocks: $num_clks"
#     
#     for {set i 1} {$i <= $num_clks} {incr i} {
#         set freq [get_property CONFIG.CLKOUT${i}_REQUESTED_OUT_FREQ [get_bd_cells $clk_wiz]]
#         puts "  CLKOUT${i}: ${freq} MHz"
#     }
# }
Clock Wizard: /clk_wiz_0

Input Clock:
  PRIM_IN_FREQ: 50 MHz

Number of output clocks: 4
  CLKOUT1: 25 MHz
  CLKOUT2: 125 MHz
  CLKOUT3: 24 MHz
  CLKOUT4: 50 MHz
# puts "\n========================================"

========================================
# puts "Clock Network Analysis:"
Clock Network Analysis:
# puts "========================================"
========================================
# set clk_nets [get_bd_nets -filter {NAME =~ "*clk*"}]
# foreach net $clk_nets {
#     set source [get_bd_intf_pins -of_objects [get_bd_nets $net] -filter {MODE == Master}]
#     set sinks [get_bd_intf_pins -of_objects [get_bd_nets $net] -filter {MODE == Slave}]
#     if {$source != "" || [llength $sinks] > 0} {
#         puts "Net: $net"
#         if {$source != ""} {
#             puts "  Source: $source"
#         }
#         foreach sink $sinks {
#             puts "  Sink: $sink"
#         }
#     }
# }
WARNING: [BD 5-232] No interface pins matched 'get_bd_intf_pins -of_objects /HDMI_top_0_TMDS_clk_n -filter {MODE == Master}'
WARNING: [BD 5-232] No interface pins matched 'get_bd_intf_pins -of_objects /HDMI_top_0_TMDS_clk_n -filter {MODE == Slave}'
WARNING: [BD 5-232] No interface pins matched 'get_bd_intf_pins -of_objects /HDMI_top_0_TMDS_clk_p -filter {MODE == Master}'
WARNING: [BD 5-232] No interface pins matched 'get_bd_intf_pins -of_objects /HDMI_top_0_TMDS_clk_p -filter {MODE == Slave}'
WARNING: [BD 5-232] No interface pins matched 'get_bd_intf_pins -of_objects /cam_captrue_data_0_cam_xclk -filter {MODE == Master}'
WARNING: [BD 5-232] No interface pins matched 'get_bd_intf_pins -of_objects /cam_captrue_data_0_cam_xclk -filter {MODE == Slave}'
WARNING: [BD 5-232] No interface pins matched 'get_bd_intf_pins -of_objects /cam_captrue_data_0_vid_clk -filter {MODE == Master}'
WARNING: [BD 5-232] No interface pins matched 'get_bd_intf_pins -of_objects /cam_captrue_data_0_vid_clk -filter {MODE == Slave}'
WARNING: [BD 5-232] No interface pins matched 'get_bd_intf_pins -of_objects /cam_pclk_0_1 -filter {MODE == Master}'
WARNING: [BD 5-232] No interface pins matched 'get_bd_intf_pins -of_objects /cam_pclk_0_1 -filter {MODE == Slave}'
WARNING: [BD 5-232] No interface pins matched 'get_bd_intf_pins -of_objects /clk_in1_0_1 -filter {MODE == Master}'
WARNING: [BD 5-232] No interface pins matched 'get_bd_intf_pins -of_objects /clk_in1_0_1 -filter {MODE == Slave}'
WARNING: [BD 5-232] No interface pins matched 'get_bd_intf_pins -of_objects /clk_wiz_0_clk_50m -filter {MODE == Master}'
WARNING: [BD 5-232] No interface pins matched 'get_bd_intf_pins -of_objects /clk_wiz_0_clk_50m -filter {MODE == Slave}'
WARNING: [BD 5-232] No interface pins matched 'get_bd_intf_pins -of_objects /clk_wiz_0_locked -filter {MODE == Master}'
WARNING: [BD 5-232] No interface pins matched 'get_bd_intf_pins -of_objects /clk_wiz_0_locked -filter {MODE == Slave}'
WARNING: [BD 5-232] No interface pins matched 'get_bd_intf_pins -of_objects /clk_wiz_0_pclk -filter {MODE == Master}'
WARNING: [BD 5-232] No interface pins matched 'get_bd_intf_pins -of_objects /clk_wiz_0_pclk -filter {MODE == Slave}'
WARNING: [BD 5-232] No interface pins matched 'get_bd_intf_pins -of_objects /clk_wiz_0_pclk_x5 -filter {MODE == Master}'
WARNING: [BD 5-232] No interface pins matched 'get_bd_intf_pins -of_objects /clk_wiz_0_pclk_x5 -filter {MODE == Slave}'
WARNING: [BD 5-232] No interface pins matched 'get_bd_intf_pins -of_objects /clk_wiz_0_xclk -filter {MODE == Master}'
WARNING: [BD 5-232] No interface pins matched 'get_bd_intf_pins -of_objects /clk_wiz_0_xclk -filter {MODE == Slave}'
WARNING: [BD 5-232] No interface pins matched 'get_bd_intf_pins -of_objects /ov5640_cfg_top_0_sccb_clk -filter {MODE == Master}'
WARNING: [BD 5-232] No interface pins matched 'get_bd_intf_pins -of_objects /ov5640_cfg_top_0_sccb_clk -filter {MODE == Slave}'
# puts "\n========================================"

========================================
# puts "Video IP Clock Connections:"
Video IP Clock Connections:
# puts "========================================"
========================================
# set video_ips [list "axi_vdma" "v_tc" "v_axi4s_vid_out" "v_vid_in_axi4s" "HDMI_top"]
# foreach ip_type $video_ips {
#     set ips [get_bd_cells -filter "NAME =~ *${ip_type}*"]
#     foreach ip $ips {
#         puts "\n$ip:"
#         set clk_pins [get_bd_pins -of_objects [get_bd_cells $ip] -filter {NAME =~ "*clk*" || NAME =~ "*aclk*"}]
#         foreach pin $clk_pins {
#             set net [get_bd_nets -of_objects [get_bd_pins $pin]]
#             puts "  $pin -> $net"
#         }
#     }
# }

/axi_vdma_0:
  /axi_vdma_0/m_axi_mm2s_aclk -> /processing_system7_0_FCLK_CLK0
  /axi_vdma_0/m_axi_s2mm_aclk -> /processing_system7_0_FCLK_CLK0
  /axi_vdma_0/m_axis_mm2s_aclk -> /processing_system7_0_FCLK_CLK0
  /axi_vdma_0/s_axi_lite_aclk -> /processing_system7_0_FCLK_CLK0
  /axi_vdma_0/s_axis_s2mm_aclk -> /processing_system7_0_FCLK_CLK0

/v_tc_0:
  /v_tc_0/clk -> /clk_wiz_0_pclk
  /v_tc_0/clken -> /clk_wiz_0_locked
  /v_tc_0/gen_clken -> /v_axi4s_vid_out_0_vtg_ce

/v_axi4s_vid_out_0:
  /v_axi4s_vid_out_0/aclk -> /processing_system7_0_FCLK_CLK0
  /v_axi4s_vid_out_0/aclken -> /Net
  /v_axi4s_vid_out_0/vid_io_out_clk -> /clk_wiz_0_pclk

/v_vid_in_axi4s_0:
  /v_vid_in_axi4s_0/aclk -> /processing_system7_0_FCLK_CLK0
WARNING: [BD 5-234] No nets matched 'get_bd_nets -of_objects /v_vid_in_axi4s_0/aclken'
  /v_vid_in_axi4s_0/aclken -> 
  /v_vid_in_axi4s_0/vid_io_in_clk -> /cam_captrue_data_0_vid_clk

/HDMI_top_0:
  /HDMI_top_0/TMDS_clk_n -> /HDMI_top_0_TMDS_clk_n
  /HDMI_top_0/TMDS_clk_p -> /HDMI_top_0_TMDS_clk_p
  /HDMI_top_0/pix_clk -> /clk_wiz_0_pclk
  /HDMI_top_0/pix_clk_x5 -> /clk_wiz_0_pclk_x5
# puts "\n========================================"

========================================
# puts "Analysis Complete"
Analysis Complete
# puts "========================================"
========================================
# close_bd_design [get_bd_designs design_1]
# close_project
INFO: [Common 17-206] Exiting Vivado at Sun Apr 19 11:33:49 2026...
